 INFO [2020-10-24 00:29:40,911][Thread-10] - CacheGroup:MemberExtract,SubGroup:N/A,Size:0,QueryTime:703,ProcessingTime:49
 INFO [2020-10-24 00:29:41,364][Thread-8] - CacheGroup:CARGroup,SubGroup:N/A,Size:2918,QueryTime:1205
 INFO [2020-10-24 00:29:41,709][Thread-9] - CacheGroup:ProviderExtract,SubGroup:N/A,Size:23086,QueryTime:1355,ProcessingTime:195
 INFO [2020-10-24 00:29:43,233][Thread-4] - CacheGroup:AdminCachesGroup,SubGroup:N/A,Size:42771,QueryTime:3074
 INFO [2020-10-24 00:29:43,467][Thread-6] - CacheGroup:Supplier,SubGroup:N/A,Size:30789,QueryTime:2123,ProcessingTime:1184
 INFO [2020-10-24 00:29:45,840][Thread-7] - CacheGroup:Rule,SubGroup:N/A,Size:70997,QueryTime:5680
 INFO [2020-10-24 00:30:01,255][Thread-5] - CacheGroup:AccountPackage,SubGroup:COMMUNICATIONMESSAGES,Size:1001825,QueryTime:21095
 INFO [2020-10-24 00:30:28,776][Thread-5] - CacheGroup:AccountPackage,SubGroup:COMMUNICATIONMETHODS,Size:1001326,QueryTime:27520
 INFO [2020-10-24 00:30:29,099][Thread-5] - CacheGroup:AccountPackage,SubGroup:MESSAGETEXT,Size:6448,QueryTime:323
 INFO [2020-10-24 00:30:29,100][Thread-5] - CacheGroup:AccountPackage,SubGroup:MEMBER_OPT_OUT_FFCENTER_INC,Size:2,QueryTime:0
 INFO [2020-10-24 00:30:29,143][Thread-5] - CacheGroup:AccountPackage,SubGroup:MARKER_SUPPLIER_NOTIFCATION,Size:1324,QueryTime:43
 INFO [2020-10-24 00:30:29,415][Thread-5] - CacheGroup:AccountPackage,SubGroup:DUP_DATA_FOR_SPECIFIED_ACCOUNT_IDS,Size:1,QueryTime:272
 INFO [2020-10-24 00:30:29,417][Thread-5] - CacheGroup:AccountPackage,SubGroup:PIQ_ALERTS_ACCOUNT_IDS,Size:1,QueryTime:1
 INFO [2020-10-24 00:30:29,419][Thread-5] - CacheGroup:AccountPackage,SubGroup:PIQ_CDM_ACCOUNT_IDS,Size:1,QueryTime:2
 INFO [2020-10-24 00:30:29,420][Thread-5] - CacheGroup:AccountPackage,SubGroup:PATIENT_LEVEL_ALERTS_ACCOUNT_IDS,Size:1,QueryTime:1
 INFO [2020-10-24 00:30:41,470][Thread-5] - CacheGroup:AccountPackage,SubGroup:MHSAccountPackage,Size:1263,QueryTime:12050
 INFO [2020-10-24 00:30:41,508][Thread-5] - CacheGroup:AccountPackage,SubGroup:CPAccountPackage,Size:1266,QueryTime:0
 INFO [2020-10-24 00:30:59,617][Thread-5] - CacheGroup:AccountPackage,SubGroup:Recommendations,Size:638891,QueryTime:18108
 INFO [2020-10-24 00:31:51,877][Thread-5] - CacheGroup:AccountPackage,SubGroup:ProductCommunicationSetups,Size:63117,QueryTime:52258
 INFO [2020-10-24 00:31:53,187][Thread-5] - CacheGroup:AccountPackage,SubGroup:AccountPackages,Size:87171,QueryTime:1310
 INFO [2020-10-24 00:40:38,921][Thread-10] - CacheGroup:MemberExtract,SubGroup:N/A,Size:0,QueryTime:662,ProcessingTime:23
 INFO [2020-10-24 00:40:39,523][Thread-8] - CacheGroup:CARGroup,SubGroup:N/A,Size:2918,QueryTime:1287
 INFO [2020-10-24 00:40:39,830][Thread-9] - CacheGroup:ProviderExtract,SubGroup:N/A,Size:23086,QueryTime:1401,ProcessingTime:193
 INFO [2020-10-24 00:40:41,137][Thread-4] - CacheGroup:AdminCachesGroup,SubGroup:N/A,Size:42771,QueryTime:2901
 INFO [2020-10-24 00:40:41,346][Thread-6] - CacheGroup:Supplier,SubGroup:N/A,Size:30789,QueryTime:1961,ProcessingTime:1149
 INFO [2020-10-24 00:40:43,323][Thread-7] - CacheGroup:Rule,SubGroup:N/A,Size:70997,QueryTime:5087
 INFO [2020-10-24 00:40:57,618][Thread-5] - CacheGroup:AccountPackage,SubGroup:COMMUNICATIONMESSAGES,Size:1001825,QueryTime:19382
 INFO [2020-10-24 00:41:24,763][Thread-5] - CacheGroup:AccountPackage,SubGroup:COMMUNICATIONMETHODS,Size:1001326,QueryTime:27145
 INFO [2020-10-24 00:41:25,066][Thread-5] - CacheGroup:AccountPackage,SubGroup:MESSAGETEXT,Size:6448,QueryTime:303
 INFO [2020-10-24 00:41:25,066][Thread-5] - CacheGroup:AccountPackage,SubGroup:MEMBER_OPT_OUT_FFCENTER_INC,Size:2,QueryTime:0
 INFO [2020-10-24 00:41:25,105][Thread-5] - CacheGroup:AccountPackage,SubGroup:MARKER_SUPPLIER_NOTIFCATION,Size:1324,QueryTime:39
 INFO [2020-10-24 00:41:25,381][Thread-5] - CacheGroup:AccountPackage,SubGroup:DUP_DATA_FOR_SPECIFIED_ACCOUNT_IDS,Size:1,QueryTime:276
 INFO [2020-10-24 00:41:25,382][Thread-5] - CacheGroup:AccountPackage,SubGroup:PIQ_ALERTS_ACCOUNT_IDS,Size:1,QueryTime:1
 INFO [2020-10-24 00:41:25,383][Thread-5] - CacheGroup:AccountPackage,SubGroup:PIQ_CDM_ACCOUNT_IDS,Size:1,QueryTime:1
 INFO [2020-10-24 00:41:25,384][Thread-5] - CacheGroup:AccountPackage,SubGroup:PATIENT_LEVEL_ALERTS_ACCOUNT_IDS,Size:1,QueryTime:1
 INFO [2020-10-24 00:41:36,038][Thread-5] - CacheGroup:AccountPackage,SubGroup:MHSAccountPackage,Size:1263,QueryTime:10654
 INFO [2020-10-24 00:41:36,062][Thread-5] - CacheGroup:AccountPackage,SubGroup:CPAccountPackage,Size:1266,QueryTime:0
 INFO [2020-10-24 00:41:53,910][Thread-5] - CacheGroup:AccountPackage,SubGroup:Recommendations,Size:638891,QueryTime:17848
 INFO [2020-10-24 00:42:45,354][Thread-5] - CacheGroup:AccountPackage,SubGroup:ProductCommunicationSetups,Size:63117,QueryTime:51444
 INFO [2020-10-24 00:42:46,541][Thread-5] - CacheGroup:AccountPackage,SubGroup:AccountPackages,Size:87171,QueryTime:1187
 INFO [2020-10-24 00:44:37,805][Thread-5] - CacheGroup:AccountPackage,SubGroup:PendingSupplierCommData,Size:10043,QueryTime:111264
 INFO [2020-10-24 00:44:37,806][Thread-5] - CacheGroup:AccountPackage,SubGroup:SUPPLIER_RECOMMENDATIONS,Size:19295,QueryTime:192422
 INFO [2020-10-24 00:48:29,268][Thread-5] - CacheGroup:AccountPackage,SubGroup:N/A,Size:2030224,QueryTime:471032
 INFO [2020-10-25 23:50:40,441][Thread-4] - CacheGroup:AccountPackage,SubGroup:COMMUNICATIONMESSAGES,Size:0,QueryTime:163
 INFO [2020-10-25 23:50:40,441][Thread-3] - CacheGroup:AdminCachesGroup,SubGroup:N/A,Size:0,QueryTime:164
 INFO [2020-10-25 23:50:40,442][Thread-5] - CacheGroup:Supplier,SubGroup:N/A,Size:0,QueryTime:0
 INFO [2020-10-25 23:50:40,443][Thread-4] - CacheGroup:AccountPackage,SubGroup:N/A,Size:0,QueryTime:165
 INFO [2020-10-25 23:50:40,443][Thread-6] - CacheGroup:Rule,SubGroup:N/A,Size:0,QueryTime:166
 INFO [2020-10-25 23:50:40,444][Thread-9] - CacheGroup:MemberExtract,SubGroup:N/A,Size:0,QueryTime:0
 INFO [2020-10-25 23:50:40,444][Thread-8] - CacheGroup:ProviderExtract,SubGroup:N/A,Size:0,QueryTime:0
 INFO [2020-10-26 00:31:15,606][Thread-3] - CacheGroup:AdminCachesGroup,SubGroup:N/A,Size:0,QueryTime:122
 INFO [2020-10-26 10:56:35,432][Thread-3] - CacheGroup:AdminCachesGroup,SubGroup:N/A,Size:0,QueryTime:122
 INFO [2020-10-26 15:02:12,129][Thread-3] - CacheGroup:AdminCachesGroup,SubGroup:N/A,Size:0,QueryTime:119
 INFO [2020-10-26 22:11:56,889][Thread-4] - CacheGroup:AccountPackage,SubGroup:COMMUNICATIONMESSAGES,Size:0,QueryTime:0
 INFO [2020-10-26 22:11:56,889][Thread-3] - CacheGroup:AdminCachesGroup,SubGroup:N/A,Size:0,QueryTime:0
 INFO [2020-10-26 22:11:56,891][Thread-4] - CacheGroup:AccountPackage,SubGroup:COMMUNICATIONMETHODS,Size:0,QueryTime:0
 INFO [2020-10-26 22:11:56,891][Thread-4] - CacheGroup:AccountPackage,SubGroup:MESSAGETEXT,Size:0,QueryTime:0
 INFO [2020-10-26 22:42:41,564][Thread-15] - CacheGroup:AccountPackage,SubGroup:COMMUNICATIONMESSAGES,Size:0,QueryTime:0
 INFO [2020-10-26 22:42:41,566][Thread-15] - CacheGroup:AccountPackage,SubGroup:COMMUNICATIONMETHODS,Size:0,QueryTime:0
 INFO [2020-10-26 22:42:42,086][Thread-12] - CacheGroup:ProviderSpeciality,SubGroup:N/A,Size:0,QueryTime:525
 INFO [2020-10-26 22:42:42,087][Thread-9] - CacheGroup:DrugAttribute,SubGroup:N/A,Size:0,QueryTime:0
 INFO [2020-10-26 22:42:42,087][Thread-15] - CacheGroup:AccountPackage,SubGroup:MESSAGETEXT,Size:0,QueryTime:0
 INFO [2020-10-26 22:42:42,089][Thread-10] - CacheGroup:GCNSequence,SubGroup:N/A,Size:0,QueryTime:2,ProcessingTime:525
 INFO [2020-10-26 22:42:42,089][Thread-4] - CacheGroup:Diagnostic,SubGroup:N/A,Size:0,QueryTime:1,ProcessingTime:526
 INFO [2020-10-26 22:42:42,090][Thread-6] - CacheGroup:Procedure,SubGroup:N/A,Size:0,QueryTime:1,ProcessingTime:526
 INFO [2020-10-26 22:42:42,090][Thread-3] - CacheGroup:Utilization,SubGroup:N/A,Size:0,QueryTime:3,ProcessingTime:524
 INFO [2020-10-26 22:42:42,090][Thread-15] - CacheGroup:AccountPackage,SubGroup:MEMBER_OPT_OUT_FFCENTER_INC,Size:2,QueryTime:2
 INFO [2020-10-26 22:42:42,091][Thread-15] - CacheGroup:AccountPackage,SubGroup:MARKER_SUPPLIER_NOTIFCATION,Size:0,QueryTime:0
 INFO [2020-10-26 22:42:42,091][Thread-7] - CacheGroup:Drug,SubGroup:N/A,Size:0,QueryTime:1,ProcessingTime:526
 INFO [2020-10-26 22:42:42,091][Thread-8] - CacheGroup:Drg,SubGroup:N/A,Size:0,QueryTime:1,ProcessingTime:526
 INFO [2020-10-26 22:42:42,091][Thread-5] - CacheGroup:Lab,SubGroup:N/A,Size:0,QueryTime:2,ProcessingTime:525
 INFO [2020-10-26 22:42:42,093][Thread-15] - CacheGroup:AccountPackage,SubGroup:DUP_DATA_FOR_SPECIFIED_ACCOUNT_IDS,Size:0,QueryTime:0
 INFO [2020-10-26 22:42:42,095][Thread-15] - CacheGroup:AccountPackage,SubGroup:N/A,Size:2,QueryTime:531
 INFO [2020-10-26 22:42:42,104][Thread-14] - CacheGroup:AdminCachesGroup,SubGroup:N/A,Size:10,QueryTime:543
 INFO [2020-10-26 22:42:42,106][Thread-20] - CacheGroup:MemberExtract,SubGroup:N/A,Size:0,QueryTime:3,ProcessingTime:540
 INFO [2020-10-26 22:42:42,107][Thread-19] - CacheGroup:ProviderExtract,SubGroup:N/A,Size:0,QueryTime:3,ProcessingTime:541
 INFO [2020-10-26 22:42:42,109][Thread-16] - CacheGroup:Supplier,SubGroup:N/A,Size:0,QueryTime:525,ProcessingTime:20
 INFO [2020-10-26 22:42:42,109][Thread-11] - CacheGroup:Provider,SubGroup:N/A,Size:1,QueryTime:524,ProcessingTime:24
 INFO [2020-10-26 22:42:42,110][Thread-18] - CacheGroup:CARGroup,SubGroup:N/A,Size:0,QueryTime:549
 INFO [2020-10-26 22:42:42,222][Thread-13] - CacheGroup:HealthState,SubGroup:FeedbackRefData,Size:0,QueryTime:137
 INFO [2020-10-26 22:42:42,223][Thread-17] - CacheGroup:Rule,SubGroup:N/A,Size:0,QueryTime:659
 INFO [2020-10-26 22:42:42,223][Thread-13] - CacheGroup:HealthState,SubGroup:N/A,Size:0,QueryTime:662
 INFO [2020-10-26 23:19:45,596][Thread-15] - CacheGroup:AccountPackage,SubGroup:COMMUNICATIONMESSAGES,Size:0,QueryTime:1
 INFO [2020-10-26 23:19:45,600][Thread-15] - CacheGroup:AccountPackage,SubGroup:COMMUNICATIONMETHODS,Size:0,QueryTime:0
 INFO [2020-10-26 23:19:45,602][Thread-9] - CacheGroup:DrugAttribute,SubGroup:N/A,Size:0,QueryTime:0
 INFO [2020-10-26 23:19:45,602][Thread-15] - CacheGroup:AccountPackage,SubGroup:MESSAGETEXT,Size:0,QueryTime:0
 INFO [2020-10-26 23:19:45,604][Thread-6] - CacheGroup:Procedure,SubGroup:N/A,Size:0,QueryTime:2,ProcessingTime:5
 INFO [2020-10-26 23:19:45,604][Thread-3] - CacheGroup:Utilization,SubGroup:N/A,Size:0,QueryTime:3,ProcessingTime:6
 INFO [2020-10-26 23:19:45,659][Thread-8] - CacheGroup:Drg,SubGroup:N/A,Size:0,QueryTime:2,ProcessingTime:6
 INFO [2020-10-26 23:19:45,892][Thread-15] - CacheGroup:AccountPackage,SubGroup:MEMBER_OPT_OUT_FFCENTER_INC,Size:2,QueryTime:289
 INFO [2020-10-26 23:19:45,893][Thread-15] - CacheGroup:AccountPackage,SubGroup:MARKER_SUPPLIER_NOTIFCATION,Size:0,QueryTime:0
 INFO [2020-10-26 23:19:45,894][Thread-12] - CacheGroup:ProviderSpeciality,SubGroup:N/A,Size:0,QueryTime:298
 INFO [2020-10-26 23:19:45,894][Thread-5] - CacheGroup:Lab,SubGroup:N/A,Size:0,QueryTime:3,ProcessingTime:6
 INFO [2020-10-26 23:19:45,894][Thread-10] - CacheGroup:GCNSequence,SubGroup:N/A,Size:0,QueryTime:1,ProcessingTime:6
 INFO [2020-10-26 23:19:45,894][Thread-7] - CacheGroup:Drug,SubGroup:N/A,Size:0,QueryTime:2,ProcessingTime:6
 INFO [2020-10-26 23:19:45,894][Thread-4] - CacheGroup:Diagnostic,SubGroup:N/A,Size:0,QueryTime:2,ProcessingTime:6
 INFO [2020-10-26 23:19:45,895][Thread-15] - CacheGroup:AccountPackage,SubGroup:DUP_DATA_FOR_SPECIFIED_ACCOUNT_IDS,Size:0,QueryTime:0
 INFO [2020-10-26 23:19:45,896][Thread-15] - CacheGroup:AccountPackage,SubGroup:PIQ_ALERTS_ACCOUNT_IDS,Size:0,QueryTime:0
 INFO [2020-10-26 23:19:45,897][Thread-15] - CacheGroup:AccountPackage,SubGroup:PIQ_CDM_ACCOUNT_IDS,Size:0,QueryTime:1
 INFO [2020-10-26 23:19:45,897][Thread-13] - CacheGroup:HealthState,SubGroup:FeedbackRefData,Size:2,QueryTime:294
 INFO [2020-10-26 23:19:45,898][Thread-15] - CacheGroup:AccountPackage,SubGroup:N/A,Size:2,QueryTime:303
 INFO [2020-10-26 23:19:45,903][Thread-13] - CacheGroup:HealthState,SubGroup:Recommendations,Size:0,QueryTime:1
 INFO [2020-10-26 23:19:45,903][Thread-13] - CacheGroup:HealthState,SubGroup:N/A,Size:2,QueryTime:307
 INFO [2020-10-26 23:19:45,906][Thread-11] - CacheGroup:Provider,SubGroup:N/A,Size:1,QueryTime:296,ProcessingTime:14
 INFO [2020-10-26 23:19:45,908][Thread-14] - CacheGroup:AdminCachesGroup,SubGroup:N/A,Size:10,QueryTime:312
 INFO [2020-10-26 23:19:45,910][Thread-19] - CacheGroup:ProviderExtract,SubGroup:N/A,Size:0,QueryTime:2,ProcessingTime:310
 INFO [2020-10-26 23:19:45,912][Thread-16] - CacheGroup:Supplier,SubGroup:N/A,Size:0,QueryTime:5,ProcessingTime:309
 INFO [2020-10-26 23:36:42,903][Thread-15] - CacheGroup:AccountPackage,SubGroup:COMMUNICATIONMESSAGES,Size:0,QueryTime:0
 INFO [2020-10-26 23:36:42,907][Thread-15] - CacheGroup:AccountPackage,SubGroup:COMMUNICATIONMETHODS,Size:0,QueryTime:0
 INFO [2020-10-26 23:36:42,908][Thread-15] - CacheGroup:AccountPackage,SubGroup:MESSAGETEXT,Size:0,QueryTime:0
 INFO [2020-10-26 23:36:42,908][Thread-9] - CacheGroup:DrugAttribute,SubGroup:N/A,Size:0,QueryTime:0
 INFO [2020-10-26 23:36:42,911][Thread-12] - CacheGroup:ProviderSpeciality,SubGroup:N/A,Size:0,QueryTime:8
 INFO [2020-10-26 23:36:42,911][Thread-6] - CacheGroup:Procedure,SubGroup:N/A,Size:0,QueryTime:1,ProcessingTime:6
 INFO [2020-10-26 23:36:42,911][Thread-5] - CacheGroup:Lab,SubGroup:N/A,Size:0,QueryTime:1,ProcessingTime:6
 INFO [2020-10-26 23:36:42,973][Thread-7] - CacheGroup:Drug,SubGroup:N/A,Size:0,QueryTime:1,ProcessingTime:6
 INFO [2020-10-26 23:36:42,973][Thread-15] - CacheGroup:AccountPackage,SubGroup:MEMBER_OPT_OUT_FFCENTER_INC,Size:2,QueryTime:63
 INFO [2020-10-26 23:36:43,219][Thread-10] - CacheGroup:GCNSequence,SubGroup:N/A,Size:0,QueryTime:2,ProcessingTime:5
 INFO [2020-10-26 23:36:43,220][Thread-8] - CacheGroup:Drg,SubGroup:N/A,Size:0,QueryTime:1,ProcessingTime:6
 INFO [2020-10-26 23:36:43,220][Thread-4] - CacheGroup:Diagnostic,SubGroup:N/A,Size:0,QueryTime:4,ProcessingTime:3
 INFO [2020-10-26 23:36:43,220][Thread-3] - CacheGroup:Utilization,SubGroup:N/A,Size:0,QueryTime:4,ProcessingTime:5
 INFO [2020-10-26 23:36:43,222][Thread-15] - CacheGroup:AccountPackage,SubGroup:MARKER_SUPPLIER_NOTIFCATION,Size:0,QueryTime:0
 INFO [2020-10-26 23:36:43,222][Thread-15] - CacheGroup:AccountPackage,SubGroup:DUP_DATA_FOR_SPECIFIED_ACCOUNT_IDS,Size:0,QueryTime:0
 INFO [2020-10-26 23:36:43,223][Thread-15] - CacheGroup:AccountPackage,SubGroup:PIQ_ALERTS_ACCOUNT_IDS,Size:0,QueryTime:0
 INFO [2020-10-26 23:36:43,223][Thread-15] - CacheGroup:AccountPackage,SubGroup:PIQ_CDM_ACCOUNT_IDS,Size:0,QueryTime:0
 INFO [2020-10-26 23:36:43,224][Thread-15] - CacheGroup:AccountPackage,SubGroup:PATIENT_LEVEL_ALERTS_ACCOUNT_IDS,Size:0,QueryTime:0
 INFO [2020-10-26 23:36:43,224][Thread-15] - CacheGroup:AccountPackage,SubGroup:MHSAccountPackage,Size:0,QueryTime:0
 INFO [2020-10-26 23:36:43,224][Thread-13] - CacheGroup:HealthState,SubGroup:FeedbackRefData,Size:2,QueryTime:315
 INFO [2020-10-26 23:36:43,224][Thread-15] - CacheGroup:AccountPackage,SubGroup:CPAccountPackage,Size:0,QueryTime:0
 INFO [2020-10-26 23:36:43,232][Thread-13] - CacheGroup:HealthState,SubGroup:Recommendations,Size:0,QueryTime:2
 INFO [2020-10-26 23:36:43,233][Thread-13] - CacheGroup:HealthState,SubGroup:OPPORTUNITYSCORECATEGORIES,Size:0,QueryTime:0
 INFO [2020-10-26 23:36:43,234][Thread-20] - CacheGroup:MemberExtract,SubGroup:N/A,Size:0,QueryTime:1,ProcessingTime:328
 INFO [2020-10-26 23:36:43,234][Thread-13] - CacheGroup:HealthState,SubGroup:ANALYTICAL_MODEL_REFERENCE_DATA,Size:0,QueryTime:1
 INFO [2020-10-26 23:36:43,236][Thread-13] - CacheGroup:HealthState,SubGroup:PERFORMANCE_MEASURES_REF_DATA,Size:0,QueryTime:0
 INFO [2020-10-26 23:36:43,236][Thread-19] - CacheGroup:ProviderExtract,SubGroup:N/A,Size:0,QueryTime:1,ProcessingTime:329
 INFO [2020-10-26 23:36:43,237][Thread-16] - CacheGroup:Supplier,SubGroup:N/A,Size:0,QueryTime:6,ProcessingTime:328
 INFO [2020-10-26 23:36:43,238][Thread-11] - CacheGroup:Provider,SubGroup:N/A,Size:1,QueryTime:317,ProcessingTime:18
 INFO [2020-10-26 23:36:43,239][Thread-15] - CacheGroup:AccountPackage,SubGroup:Recommendations,Size:0,QueryTime:14
 INFO [2020-10-26 23:36:43,239][Thread-13] - CacheGroup:HealthState,SubGroup:CLINICAL_CONDITIONS_MAP,Size:0,QueryTime:0
 INFO [2020-10-26 23:36:43,241][Thread-14] - CacheGroup:AdminCachesGroup,SubGroup:N/A,Size:10,QueryTime:338
 INFO [2020-10-26 23:36:43,241][Thread-15] - CacheGroup:AccountPackage,SubGroup:ProductCommunicationSetups,Size:0,QueryTime:1
 INFO [2020-10-26 23:36:43,241][Thread-15] - CacheGroup:AccountPackage,SubGroup:AccountPackages,Size:0,QueryTime:0
 INFO [2020-10-26 23:36:43,243][Thread-15] - CacheGroup:AccountPackage,SubGroup:PendingSupplierCommData,Size:0,QueryTime:2
 INFO [2020-10-26 23:36:43,243][Thread-18] - CacheGroup:CARGroup,SubGroup:N/A,Size:0,QueryTime:340
 INFO [2020-10-26 23:36:43,243][Thread-15] - CacheGroup:AccountPackage,SubGroup:SUPPLIER_RECOMMENDATIONS,Size:0,QueryTime:19
 INFO [2020-10-26 23:36:43,244][Thread-13] - CacheGroup:HealthState,SubGroup:MemberHealthProfile,Size:0,QueryTime:2
 INFO [2020-10-26 23:36:43,244][Thread-13] - CacheGroup:HealthState,SubGroup:N/A,Size:2,QueryTime:341
 INFO [2020-10-26 23:36:43,246][Thread-15] - CacheGroup:AccountPackage,SubGroup:N/A,Size:2,QueryTime:343
 INFO [2020-10-26 23:45:17,510][Thread-15] - CacheGroup:AccountPackage,SubGroup:COMMUNICATIONMESSAGES,Size:0,QueryTime:0
 INFO [2020-10-26 23:45:17,512][Thread-15] - CacheGroup:AccountPackage,SubGroup:COMMUNICATIONMETHODS,Size:0,QueryTime:0
 INFO [2020-10-26 23:45:17,514][Thread-9] - CacheGroup:DrugAttribute,SubGroup:N/A,Size:0,QueryTime:0
 INFO [2020-10-26 23:45:17,880][Thread-15] - CacheGroup:AccountPackage,SubGroup:MESSAGETEXT,Size:0,QueryTime:0
 INFO [2020-10-26 23:45:17,881][Thread-5] - CacheGroup:Lab,SubGroup:N/A,Size:0,QueryTime:3,ProcessingTime:368
 INFO [2020-10-26 23:45:17,882][Thread-4] - CacheGroup:Diagnostic,SubGroup:N/A,Size:0,QueryTime:5,ProcessingTime:365
 INFO [2020-10-26 23:45:17,882][Thread-7] - CacheGroup:Drug,SubGroup:N/A,Size:0,QueryTime:2,ProcessingTime:368
 INFO [2020-10-26 23:45:17,882][Thread-6] - CacheGroup:Procedure,SubGroup:N/A,Size:0,QueryTime:2,ProcessingTime:368
 INFO [2020-10-26 23:45:17,882][Thread-3] - CacheGroup:Utilization,SubGroup:N/A,Size:0,QueryTime:4,ProcessingTime:367
 INFO [2020-10-26 23:45:17,882][Thread-8] - CacheGroup:Drg,SubGroup:N/A,Size:0,QueryTime:2,ProcessingTime:368
 INFO [2020-10-26 23:45:17,884][Thread-10] - CacheGroup:GCNSequence,SubGroup:N/A,Size:0,QueryTime:1,ProcessingTime:369
 INFO [2020-10-26 23:45:17,885][Thread-15] - CacheGroup:AccountPackage,SubGroup:MEMBER_OPT_OUT_FFCENTER_INC,Size:2,QueryTime:2
 INFO [2020-10-26 23:45:17,886][Thread-15] - CacheGroup:AccountPackage,SubGroup:MARKER_SUPPLIER_NOTIFCATION,Size:0,QueryTime:0
 INFO [2020-10-26 23:45:17,886][Thread-15] - CacheGroup:AccountPackage,SubGroup:DUP_DATA_FOR_SPECIFIED_ACCOUNT_IDS,Size:0,QueryTime:0
 INFO [2020-10-26 23:45:17,887][Thread-12] - CacheGroup:ProviderSpeciality,SubGroup:N/A,Size:0,QueryTime:376
 INFO [2020-10-26 23:45:17,888][Thread-15] - CacheGroup:AccountPackage,SubGroup:PIQ_ALERTS_ACCOUNT_IDS,Size:0,QueryTime:0
 INFO [2020-10-26 23:45:17,889][Thread-15] - CacheGroup:AccountPackage,SubGroup:PIQ_CDM_ACCOUNT_IDS,Size:0,QueryTime:0
 INFO [2020-10-26 23:45:17,889][Thread-15] - CacheGroup:AccountPackage,SubGroup:PATIENT_LEVEL_ALERTS_ACCOUNT_IDS,Size:0,QueryTime:0
 INFO [2020-10-26 23:45:17,889][Thread-15] - CacheGroup:AccountPackage,SubGroup:MHSAccountPackage,Size:0,QueryTime:0
 INFO [2020-10-26 23:45:17,889][Thread-15] - CacheGroup:AccountPackage,SubGroup:CPAccountPackage,Size:0,QueryTime:0
 INFO [2020-10-26 23:45:17,891][Thread-13] - CacheGroup:HealthState,SubGroup:FeedbackRefData,Size:2,QueryTime:8
 INFO [2020-10-26 23:45:17,895][Thread-11] - CacheGroup:Provider,SubGroup:N/A,Size:1,QueryTime:369,ProcessingTime:14
 INFO [2020-10-26 23:45:17,897][Thread-14] - CacheGroup:AdminCachesGroup,SubGroup:N/A,Size:10,QueryTime:387
 INFO [2020-10-26 23:45:17,899][Thread-19] - CacheGroup:ProviderExtract,SubGroup:N/A,Size:0,QueryTime:2,ProcessingTime:384
 INFO [2020-10-26 23:45:17,902][Thread-20] - CacheGroup:MemberExtract,SubGroup:N/A,Size:0,QueryTime:0,ProcessingTime:389
 INFO [2020-10-26 23:45:17,904][Thread-16] - CacheGroup:Supplier,SubGroup:N/A,Size:0,QueryTime:373,ProcessingTime:21
 INFO [2020-10-26 23:45:17,905][Thread-15] - CacheGroup:AccountPackage,SubGroup:Recommendations,Size:0,QueryTime:16
 INFO [2020-10-26 23:45:17,906][Thread-15] - CacheGroup:AccountPackage,SubGroup:ProductCommunicationSetups,Size:0,QueryTime:1
 INFO [2020-10-26 23:45:17,906][Thread-15] - CacheGroup:AccountPackage,SubGroup:AccountPackages,Size:0,QueryTime:0
 INFO [2020-10-26 23:45:17,906][Thread-13] - CacheGroup:HealthState,SubGroup:Recommendations,Size:0,QueryTime:2
 INFO [2020-10-26 23:45:17,906][Thread-18] - CacheGroup:CARGroup,SubGroup:N/A,Size:0,QueryTime:396
 INFO [2020-10-26 23:45:17,907][Thread-15] - CacheGroup:AccountPackage,SubGroup:PendingSupplierCommData,Size:0,QueryTime:1
 INFO [2020-10-26 23:45:17,907][Thread-15] - CacheGroup:AccountPackage,SubGroup:SUPPLIER_RECOMMENDATIONS,Size:0,QueryTime:18
 INFO [2020-10-26 23:45:17,907][Thread-13] - CacheGroup:HealthState,SubGroup:OPPORTUNITYSCORECATEGORIES,Size:0,QueryTime:0
 INFO [2020-10-26 23:45:17,908][Thread-13] - CacheGroup:HealthState,SubGroup:ANALYTICAL_MODEL_REFERENCE_DATA,Size:0,QueryTime:1
 INFO [2020-10-26 23:45:17,908][Thread-13] - CacheGroup:HealthState,SubGroup:PERFORMANCE_MEASURES_REF_DATA,Size:0,QueryTime:0
 INFO [2020-10-26 23:45:17,908][Thread-13] - CacheGroup:HealthState,SubGroup:CLINICAL_CONDITIONS_MAP,Size:0,QueryTime:0
 INFO [2020-10-26 23:45:17,909][Thread-15] - CacheGroup:AccountPackage,SubGroup:N/A,Size:2,QueryTime:399
 INFO [2020-10-26 23:45:18,045][Thread-13] - CacheGroup:HealthState,SubGroup:MemberHealthProfile,Size:0,QueryTime:136
 INFO [2020-10-26 23:45:18,046][Thread-17] - CacheGroup:Rule,SubGroup:N/A,Size:0,QueryTime:532
 INFO [2020-10-26 23:45:18,046][Thread-13] - CacheGroup:HealthState,SubGroup:N/A,Size:2,QueryTime:536
 INFO [2020-10-27 00:07:03,006][Thread-15] - CacheGroup:AccountPackage,SubGroup:COMMUNICATIONMESSAGES,Size:0,QueryTime:0
 INFO [2020-10-27 00:07:03,008][Thread-15] - CacheGroup:AccountPackage,SubGroup:COMMUNICATIONMETHODS,Size:0,QueryTime:0
 INFO [2020-10-27 00:07:03,008][Thread-9] - CacheGroup:DrugAttribute,SubGroup:N/A,Size:0,QueryTime:0
 INFO [2020-10-27 00:07:03,009][Thread-15] - CacheGroup:AccountPackage,SubGroup:MESSAGETEXT,Size:0,QueryTime:0
 INFO [2020-10-27 00:07:03,011][Thread-4] - CacheGroup:Diagnostic,SubGroup:N/A,Size:0,QueryTime:1,ProcessingTime:6
 INFO [2020-10-27 00:07:03,332][Thread-3] - CacheGroup:Utilization,SubGroup:N/A,Size:0,QueryTime:5,ProcessingTime:4
 INFO [2020-10-27 00:07:03,332][Thread-10] - CacheGroup:GCNSequence,SubGroup:N/A,Size:0,QueryTime:2,ProcessingTime:5
 INFO [2020-10-27 00:07:03,332][Thread-6] - CacheGroup:Procedure,SubGroup:N/A,Size:0,QueryTime:2,ProcessingTime:6
 INFO [2020-10-27 00:07:03,332][Thread-7] - CacheGroup:Drug,SubGroup:N/A,Size:0,QueryTime:2,ProcessingTime:6
 INFO [2020-10-27 00:07:03,332][Thread-15] - CacheGroup:AccountPackage,SubGroup:MEMBER_OPT_OUT_FFCENTER_INC,Size:2,QueryTime:321
 INFO [2020-10-27 00:07:03,332][Thread-8] - CacheGroup:Drg,SubGroup:N/A,Size:0,QueryTime:2,ProcessingTime:6
 INFO [2020-10-27 00:07:03,334][Thread-5] - CacheGroup:Lab,SubGroup:N/A,Size:0,QueryTime:1,ProcessingTime:6
 INFO [2020-10-27 00:07:03,334][Thread-15] - CacheGroup:AccountPackage,SubGroup:MARKER_SUPPLIER_NOTIFCATION,Size:0,QueryTime:0
 INFO [2020-10-27 00:07:03,334][Thread-15] - CacheGroup:AccountPackage,SubGroup:DUP_DATA_FOR_SPECIFIED_ACCOUNT_IDS,Size:0,QueryTime:0
 INFO [2020-10-27 00:07:03,335][Thread-12] - CacheGroup:ProviderSpeciality,SubGroup:N/A,Size:0,QueryTime:332
 INFO [2020-10-27 00:07:03,335][Thread-15] - CacheGroup:AccountPackage,SubGroup:PIQ_ALERTS_ACCOUNT_IDS,Size:0,QueryTime:0
 INFO [2020-10-27 00:07:03,335][Thread-15] - CacheGroup:AccountPackage,SubGroup:PIQ_CDM_ACCOUNT_IDS,Size:0,QueryTime:0
 INFO [2020-10-27 00:07:03,336][Thread-13] - CacheGroup:HealthState,SubGroup:FeedbackRefData,Size:2,QueryTime:327
 INFO [2020-10-27 00:07:03,336][Thread-15] - CacheGroup:AccountPackage,SubGroup:PATIENT_LEVEL_ALERTS_ACCOUNT_IDS,Size:0,QueryTime:0
 INFO [2020-10-27 00:07:03,336][Thread-15] - CacheGroup:AccountPackage,SubGroup:MHSAccountPackage,Size:0,QueryTime:0
 INFO [2020-10-27 00:07:03,337][Thread-15] - CacheGroup:AccountPackage,SubGroup:CPAccountPackage,Size:0,QueryTime:0
 INFO [2020-10-27 00:07:03,343][Thread-13] - CacheGroup:HealthState,SubGroup:Recommendations,Size:0,QueryTime:2
 INFO [2020-10-27 00:07:03,344][Thread-13] - CacheGroup:HealthState,SubGroup:OPPORTUNITYSCORECATEGORIES,Size:0,QueryTime:1
 INFO [2020-10-27 00:07:03,345][Thread-13] - CacheGroup:HealthState,SubGroup:ANALYTICAL_MODEL_REFERENCE_DATA,Size:0,QueryTime:1
 INFO [2020-10-27 00:07:03,345][Thread-13] - CacheGroup:HealthState,SubGroup:PERFORMANCE_MEASURES_REF_DATA,Size:0,QueryTime:0
 INFO [2020-10-27 00:07:03,346][Thread-11] - CacheGroup:Provider,SubGroup:N/A,Size:1,QueryTime:329,ProcessingTime:13
 INFO [2020-10-27 00:07:03,346][Thread-13] - CacheGroup:HealthState,SubGroup:CLINICAL_CONDITIONS_MAP,Size:0,QueryTime:0
 INFO [2020-10-27 00:07:03,346][Thread-17] - CacheGroup:Rule,SubGroup:N/A,Size:0,QueryTime:341
 INFO [2020-10-27 00:07:03,348][Thread-20] - CacheGroup:MemberExtract,SubGroup:N/A,Size:0,QueryTime:5,ProcessingTime:339
 INFO [2020-10-27 00:07:03,349][Thread-15] - CacheGroup:AccountPackage,SubGroup:Recommendations,Size:0,QueryTime:12
 INFO [2020-10-27 00:07:03,350][Thread-14] - CacheGroup:AdminCachesGroup,SubGroup:N/A,Size:10,QueryTime:344
 INFO [2020-10-27 00:07:03,351][Thread-15] - CacheGroup:AccountPackage,SubGroup:ProductCommunicationSetups,Size:0,QueryTime:1
 INFO [2020-10-27 00:07:03,351][Thread-15] - CacheGroup:AccountPackage,SubGroup:AccountPackages,Size:0,QueryTime:0
 INFO [2020-10-27 00:07:03,352][Thread-15] - CacheGroup:AccountPackage,SubGroup:PendingSupplierCommData,Size:0,QueryTime:0
 INFO [2020-10-27 00:07:03,352][Thread-19] - CacheGroup:ProviderExtract,SubGroup:N/A,Size:0,QueryTime:3,ProcessingTime:344
 INFO [2020-10-27 00:07:03,352][Thread-15] - CacheGroup:AccountPackage,SubGroup:SUPPLIER_RECOMMENDATIONS,Size:0,QueryTime:16
 INFO [2020-10-27 00:07:03,353][Thread-16] - CacheGroup:Supplier,SubGroup:N/A,Size:0,QueryTime:5,ProcessingTime:343
 INFO [2020-10-27 00:07:03,354][Thread-15] - CacheGroup:AccountPackage,SubGroup:N/A,Size:2,QueryTime:348
 INFO [2020-10-27 00:07:03,355][Thread-18] - CacheGroup:CARGroup,SubGroup:N/A,Size:0,QueryTime:351
 INFO [2020-10-27 00:07:03,487][Thread-13] - CacheGroup:HealthState,SubGroup:MemberHealthProfile,Size:0,QueryTime:139
 INFO [2020-10-27 00:07:03,488][Thread-13] - CacheGroup:HealthState,SubGroup:N/A,Size:2,QueryTime:485
 INFO [2020-10-27 00:17:25,304][Thread-15] - CacheGroup:AccountPackage,SubGroup:COMMUNICATIONMESSAGES,Size:0,QueryTime:0
 INFO [2020-10-27 00:17:25,308][Thread-9] - CacheGroup:DrugAttribute,SubGroup:N/A,Size:0,QueryTime:0
 INFO [2020-10-27 00:17:25,309][Thread-15] - CacheGroup:AccountPackage,SubGroup:COMMUNICATIONMETHODS,Size:0,QueryTime:0
 INFO [2020-10-27 00:17:25,619][Thread-7] - CacheGroup:Drug,SubGroup:N/A,Size:0,QueryTime:2,ProcessingTime:312
 INFO [2020-10-27 00:17:25,619][Thread-8] - CacheGroup:Drg,SubGroup:N/A,Size:0,QueryTime:2,ProcessingTime:313
 INFO [2020-10-27 00:17:25,619][Thread-5] - CacheGroup:Lab,SubGroup:N/A,Size:0,QueryTime:4,ProcessingTime:309
 INFO [2020-10-27 00:17:25,619][Thread-6] - CacheGroup:Procedure,SubGroup:N/A,Size:0,QueryTime:2,ProcessingTime:312
 INFO [2020-10-27 00:17:25,620][Thread-3] - CacheGroup:Utilization,SubGroup:N/A,Size:0,QueryTime:4,ProcessingTime:311
 INFO [2020-10-27 00:17:25,620][Thread-4] - CacheGroup:Diagnostic,SubGroup:N/A,Size:0,QueryTime:1,ProcessingTime:312
 INFO [2020-10-27 00:17:25,620][Thread-10] - CacheGroup:GCNSequence,SubGroup:N/A,Size:0,QueryTime:1,ProcessingTime:313
 INFO [2020-10-27 00:17:25,620][Thread-15] - CacheGroup:AccountPackage,SubGroup:MESSAGETEXT,Size:0,QueryTime:0
 INFO [2020-10-27 00:17:25,621][Thread-12] - CacheGroup:ProviderSpeciality,SubGroup:N/A,Size:0,QueryTime:317
 INFO [2020-10-27 00:17:25,623][Thread-15] - CacheGroup:AccountPackage,SubGroup:MEMBER_OPT_OUT_FFCENTER_INC,Size:2,QueryTime:1
 INFO [2020-10-27 00:17:25,624][Thread-15] - CacheGroup:AccountPackage,SubGroup:MARKER_SUPPLIER_NOTIFCATION,Size:0,QueryTime:1
 INFO [2020-10-27 00:17:25,624][Thread-15] - CacheGroup:AccountPackage,SubGroup:DUP_DATA_FOR_SPECIFIED_ACCOUNT_IDS,Size:0,QueryTime:0
 INFO [2020-10-27 00:17:25,626][Thread-15] - CacheGroup:AccountPackage,SubGroup:PIQ_ALERTS_ACCOUNT_IDS,Size:0,QueryTime:0
 INFO [2020-10-27 00:17:25,626][Thread-15] - CacheGroup:AccountPackage,SubGroup:PIQ_CDM_ACCOUNT_IDS,Size:0,QueryTime:0
 INFO [2020-10-27 00:17:25,626][Thread-15] - CacheGroup:AccountPackage,SubGroup:PATIENT_LEVEL_ALERTS_ACCOUNT_IDS,Size:0,QueryTime:0
 INFO [2020-10-27 00:17:25,627][Thread-15] - CacheGroup:AccountPackage,SubGroup:MHSAccountPackage,Size:0,QueryTime:0
 INFO [2020-10-27 00:17:25,627][Thread-15] - CacheGroup:AccountPackage,SubGroup:CPAccountPackage,Size:0,QueryTime:0
 INFO [2020-10-27 00:17:25,627][Thread-13] - CacheGroup:HealthState,SubGroup:FeedbackRefData,Size:2,QueryTime:10
 INFO [2020-10-27 00:17:25,630][Thread-11] - CacheGroup:Provider,SubGroup:N/A,Size:1,QueryTime:313,ProcessingTime:13
 INFO [2020-10-27 00:17:25,632][Thread-16] - CacheGroup:Supplier,SubGroup:N/A,Size:0,QueryTime:319,ProcessingTime:10
 INFO [2020-10-27 00:17:25,634][Thread-20] - CacheGroup:MemberExtract,SubGroup:N/A,Size:0,QueryTime:1,ProcessingTime:326
 INFO [2020-10-27 00:17:25,635][Thread-13] - CacheGroup:HealthState,SubGroup:Recommendations,Size:0,QueryTime:4
 INFO [2020-10-27 00:17:25,636][Thread-19] - CacheGroup:ProviderExtract,SubGroup:N/A,Size:0,QueryTime:1,ProcessingTime:328
 INFO [2020-10-27 00:17:25,636][Thread-13] - CacheGroup:HealthState,SubGroup:OPPORTUNITYSCORECATEGORIES,Size:0,QueryTime:0
 INFO [2020-10-27 00:17:25,637][Thread-13] - CacheGroup:HealthState,SubGroup:ANALYTICAL_MODEL_REFERENCE_DATA,Size:0,QueryTime:1
 INFO [2020-10-27 00:17:25,637][Thread-17] - CacheGroup:Rule,SubGroup:N/A,Size:0,QueryTime:330
 INFO [2020-10-27 00:17:25,637][Thread-13] - CacheGroup:HealthState,SubGroup:PERFORMANCE_MEASURES_REF_DATA,Size:0,QueryTime:0
 INFO [2020-10-27 00:17:25,638][Thread-13] - CacheGroup:HealthState,SubGroup:CLINICAL_CONDITIONS_MAP,Size:0,QueryTime:0
 INFO [2020-10-27 00:17:25,638][Thread-15] - CacheGroup:AccountPackage,SubGroup:Recommendations,Size:0,QueryTime:10
 INFO [2020-10-27 00:17:25,639][Thread-14] - CacheGroup:AdminCachesGroup,SubGroup:N/A,Size:10,QueryTime:335
 INFO [2020-10-27 00:17:25,639][Thread-15] - CacheGroup:AccountPackage,SubGroup:ProductCommunicationSetups,Size:0,QueryTime:1
 INFO [2020-10-27 00:17:25,639][Thread-15] - CacheGroup:AccountPackage,SubGroup:AccountPackages,Size:0,QueryTime:0
 INFO [2020-10-27 00:17:25,640][Thread-15] - CacheGroup:AccountPackage,SubGroup:PendingSupplierCommData,Size:0,QueryTime:0
 INFO [2020-10-27 00:17:25,640][Thread-18] - CacheGroup:CARGroup,SubGroup:N/A,Size:0,QueryTime:337
 INFO [2020-10-27 00:17:25,640][Thread-15] - CacheGroup:AccountPackage,SubGroup:SUPPLIER_RECOMMENDATIONS,Size:0,QueryTime:13
 INFO [2020-10-27 00:17:25,641][Thread-13] - CacheGroup:HealthState,SubGroup:MemberHealthProfile,Size:0,QueryTime:3
 INFO [2020-10-27 00:17:25,641][Thread-13] - CacheGroup:HealthState,SubGroup:PREDICTIVE_MODEL_COMMANDS,Size:0,QueryTime:0
 INFO [2020-10-27 00:17:25,642][Thread-13] - CacheGroup:HealthState,SubGroup:AHI_MODEL_REFERENCE_DATA,Size:0,QueryTime:0
 INFO [2020-10-27 00:17:25,642][Thread-15] - CacheGroup:AccountPackage,SubGroup:N/A,Size:2,QueryTime:338
 INFO [2020-10-27 00:17:25,644][Thread-13] - CacheGroup:HealthState,SubGroup:N/A,Size:2,QueryTime:340
 INFO [2020-10-27 00:32:15,174][Thread-15] - CacheGroup:AccountPackage,SubGroup:COMMUNICATIONMESSAGES,Size:0,QueryTime:0
 INFO [2020-10-27 00:32:15,178][Thread-9] - CacheGroup:DrugAttribute,SubGroup:N/A,Size:0,QueryTime:0
 INFO [2020-10-27 00:32:15,178][Thread-15] - CacheGroup:AccountPackage,SubGroup:COMMUNICATIONMETHODS,Size:0,QueryTime:0
 INFO [2020-10-27 00:32:15,180][Thread-15] - CacheGroup:AccountPackage,SubGroup:MESSAGETEXT,Size:0,QueryTime:0
 INFO [2020-10-27 00:32:15,483][Thread-15] - CacheGroup:AccountPackage,SubGroup:MEMBER_OPT_OUT_FFCENTER_INC,Size:2,QueryTime:2
 INFO [2020-10-27 00:32:15,483][Thread-12] - CacheGroup:ProviderSpeciality,SubGroup:N/A,Size:0,QueryTime:308
 INFO [2020-10-27 00:32:15,484][Thread-4] - CacheGroup:Diagnostic,SubGroup:N/A,Size:0,QueryTime:2,ProcessingTime:306
 INFO [2020-10-27 00:32:15,484][Thread-10] - CacheGroup:GCNSequence,SubGroup:N/A,Size:0,QueryTime:1,ProcessingTime:307
 INFO [2020-10-27 00:32:15,485][Thread-8] - CacheGroup:Drg,SubGroup:N/A,Size:0,QueryTime:2,ProcessingTime:307
 INFO [2020-10-27 00:32:15,485][Thread-15] - CacheGroup:AccountPackage,SubGroup:MARKER_SUPPLIER_NOTIFCATION,Size:0,QueryTime:0
 INFO [2020-10-27 00:32:15,485][Thread-7] - CacheGroup:Drug,SubGroup:N/A,Size:0,QueryTime:2,ProcessingTime:308
 INFO [2020-10-27 00:32:15,485][Thread-6] - CacheGroup:Procedure,SubGroup:N/A,Size:0,QueryTime:3,ProcessingTime:305
 INFO [2020-10-27 00:32:15,486][Thread-3] - CacheGroup:Utilization,SubGroup:N/A,Size:0,QueryTime:3,ProcessingTime:306
 INFO [2020-10-27 00:32:15,486][Thread-5] - CacheGroup:Lab,SubGroup:N/A,Size:0,QueryTime:2,ProcessingTime:306
 INFO [2020-10-27 00:32:15,486][Thread-15] - CacheGroup:AccountPackage,SubGroup:DUP_DATA_FOR_SPECIFIED_ACCOUNT_IDS,Size:0,QueryTime:0
 INFO [2020-10-27 00:32:15,487][Thread-15] - CacheGroup:AccountPackage,SubGroup:PIQ_ALERTS_ACCOUNT_IDS,Size:0,QueryTime:0
 INFO [2020-10-27 00:32:15,487][Thread-15] - CacheGroup:AccountPackage,SubGroup:PIQ_CDM_ACCOUNT_IDS,Size:0,QueryTime:0
 INFO [2020-10-27 00:32:15,487][Thread-15] - CacheGroup:AccountPackage,SubGroup:PATIENT_LEVEL_ALERTS_ACCOUNT_IDS,Size:0,QueryTime:0
 INFO [2020-10-27 00:32:15,487][Thread-15] - CacheGroup:AccountPackage,SubGroup:MHSAccountPackage,Size:0,QueryTime:0
 INFO [2020-10-27 00:32:15,488][Thread-15] - CacheGroup:AccountPackage,SubGroup:CPAccountPackage,Size:0,QueryTime:0
 INFO [2020-10-27 00:32:15,490][Thread-13] - CacheGroup:HealthState,SubGroup:FeedbackRefData,Size:2,QueryTime:9
 INFO [2020-10-27 00:32:15,496][Thread-13] - CacheGroup:HealthState,SubGroup:Recommendations,Size:0,QueryTime:2
 INFO [2020-10-27 00:32:15,496][Thread-13] - CacheGroup:HealthState,SubGroup:OPPORTUNITYSCORECATEGORIES,Size:0,QueryTime:0
 INFO [2020-10-27 00:32:15,497][Thread-13] - CacheGroup:HealthState,SubGroup:ANALYTICAL_MODEL_REFERENCE_DATA,Size:0,QueryTime:0
 INFO [2020-10-27 00:32:15,497][Thread-13] - CacheGroup:HealthState,SubGroup:PERFORMANCE_MEASURES_REF_DATA,Size:0,QueryTime:0
 INFO [2020-10-27 00:32:15,498][Thread-13] - CacheGroup:HealthState,SubGroup:CLINICAL_CONDITIONS_MAP,Size:0,QueryTime:0
 INFO [2020-10-27 00:32:15,498][Thread-11] - CacheGroup:Provider,SubGroup:N/A,Size:1,QueryTime:306,ProcessingTime:16
 INFO [2020-10-27 00:32:15,499][Thread-17] - CacheGroup:Rule,SubGroup:N/A,Size:0,QueryTime:325
 INFO [2020-10-27 00:32:15,501][Thread-15] - CacheGroup:AccountPackage,SubGroup:Recommendations,Size:0,QueryTime:11
 INFO [2020-10-27 00:32:15,501][Thread-14] - CacheGroup:AdminCachesGroup,SubGroup:N/A,Size:10,QueryTime:327
 INFO [2020-10-27 00:32:15,502][Thread-15] - CacheGroup:AccountPackage,SubGroup:ProductCommunicationSetups,Size:0,QueryTime:1
 INFO [2020-10-27 00:32:15,502][Thread-15] - CacheGroup:AccountPackage,SubGroup:AccountPackages,Size:0,QueryTime:0
 INFO [2020-10-27 00:32:15,502][Thread-16] - CacheGroup:Supplier,SubGroup:N/A,Size:0,QueryTime:307,ProcessingTime:21
 INFO [2020-10-27 00:32:15,502][Thread-15] - CacheGroup:AccountPackage,SubGroup:PendingSupplierCommData,Size:0,QueryTime:0
 INFO [2020-10-27 00:32:15,503][Thread-15] - CacheGroup:AccountPackage,SubGroup:SUPPLIER_RECOMMENDATIONS,Size:0,QueryTime:16
 INFO [2020-10-27 00:32:15,503][Thread-13] - CacheGroup:HealthState,SubGroup:MemberHealthProfile,Size:0,QueryTime:3
 INFO [2020-10-27 00:32:15,504][Thread-13] - CacheGroup:HealthState,SubGroup:PREDICTIVE_MODEL_COMMANDS,Size:0,QueryTime:1
 INFO [2020-10-27 00:32:15,504][Thread-13] - CacheGroup:HealthState,SubGroup:AHI_MODEL_REFERENCE_DATA,Size:0,QueryTime:0
 INFO [2020-10-27 00:32:15,504][Thread-20] - CacheGroup:MemberExtract,SubGroup:N/A,Size:0,QueryTime:1,ProcessingTime:327
 INFO [2020-10-27 00:32:15,505][Thread-19] - CacheGroup:ProviderExtract,SubGroup:N/A,Size:0,QueryTime:0,ProcessingTime:328
 INFO [2020-10-27 00:32:15,506][Thread-15] - CacheGroup:AccountPackage,SubGroup:N/A,Size:2,QueryTime:332
 INFO [2020-10-27 00:32:15,507][Thread-13] - CacheGroup:HealthState,SubGroup:N/A,Size:2,QueryTime:332
 INFO [2020-10-27 00:32:15,508][Thread-18] - CacheGroup:CARGroup,SubGroup:N/A,Size:0,QueryTime:334
 INFO [2020-10-27 00:37:40,389][Thread-15] - CacheGroup:AccountPackage,SubGroup:COMMUNICATIONMESSAGES,Size:0,QueryTime:0
 INFO [2020-10-27 00:37:40,680][Thread-9] - CacheGroup:DrugAttribute,SubGroup:N/A,Size:0,QueryTime:0
 INFO [2020-10-27 00:37:40,680][Thread-15] - CacheGroup:AccountPackage,SubGroup:COMMUNICATIONMETHODS,Size:0,QueryTime:0
 INFO [2020-10-27 00:37:40,682][Thread-10] - CacheGroup:GCNSequence,SubGroup:N/A,Size:0,QueryTime:1,ProcessingTime:294
 INFO [2020-10-27 00:37:40,682][Thread-6] - CacheGroup:Procedure,SubGroup:N/A,Size:0,QueryTime:1,ProcessingTime:293
 INFO [2020-10-27 00:37:40,682][Thread-7] - CacheGroup:Drug,SubGroup:N/A,Size:0,QueryTime:2,ProcessingTime:294
 INFO [2020-10-27 00:37:40,682][Thread-5] - CacheGroup:Lab,SubGroup:N/A,Size:0,QueryTime:4,ProcessingTime:291
 INFO [2020-10-27 00:37:40,682][Thread-15] - CacheGroup:AccountPackage,SubGroup:MESSAGETEXT,Size:0,QueryTime:0
 INFO [2020-10-27 00:37:40,683][Thread-4] - CacheGroup:Diagnostic,SubGroup:N/A,Size:0,QueryTime:1,ProcessingTime:293
 INFO [2020-10-27 00:37:40,683][Thread-3] - CacheGroup:Utilization,SubGroup:N/A,Size:0,QueryTime:4,ProcessingTime:292
 INFO [2020-10-27 00:37:40,684][Thread-8] - CacheGroup:Drg,SubGroup:N/A,Size:0,QueryTime:2,ProcessingTime:293
 INFO [2020-10-27 00:37:40,686][Thread-12] - CacheGroup:ProviderSpeciality,SubGroup:N/A,Size:0,QueryTime:300
 INFO [2020-10-27 00:37:40,686][Thread-13] - CacheGroup:HealthState,SubGroup:FeedbackRefData,Size:2,QueryTime:5
 INFO [2020-10-27 00:37:40,687][Thread-15] - CacheGroup:AccountPackage,SubGroup:MEMBER_OPT_OUT_FFCENTER_INC,Size:2,QueryTime:2
 INFO [2020-10-27 00:37:40,688][Thread-15] - CacheGroup:AccountPackage,SubGroup:MARKER_SUPPLIER_NOTIFCATION,Size:0,QueryTime:0
 INFO [2020-10-27 00:37:40,689][Thread-15] - CacheGroup:AccountPackage,SubGroup:DUP_DATA_FOR_SPECIFIED_ACCOUNT_IDS,Size:0,QueryTime:1
 INFO [2020-10-27 00:37:40,689][Thread-15] - CacheGroup:AccountPackage,SubGroup:PIQ_ALERTS_ACCOUNT_IDS,Size:0,QueryTime:0
 INFO [2020-10-27 00:37:40,689][Thread-15] - CacheGroup:AccountPackage,SubGroup:PIQ_CDM_ACCOUNT_IDS,Size:0,QueryTime:0
 INFO [2020-10-27 00:37:40,689][Thread-15] - CacheGroup:AccountPackage,SubGroup:PATIENT_LEVEL_ALERTS_ACCOUNT_IDS,Size:0,QueryTime:0
 INFO [2020-10-27 00:37:40,689][Thread-15] - CacheGroup:AccountPackage,SubGroup:MHSAccountPackage,Size:0,QueryTime:0
 INFO [2020-10-27 00:37:40,689][Thread-15] - CacheGroup:AccountPackage,SubGroup:CPAccountPackage,Size:0,QueryTime:0
 INFO [2020-10-27 00:37:40,693][Thread-13] - CacheGroup:HealthState,SubGroup:Recommendations,Size:0,QueryTime:2
 INFO [2020-10-27 00:37:40,694][Thread-13] - CacheGroup:HealthState,SubGroup:OPPORTUNITYSCORECATEGORIES,Size:0,QueryTime:1
 INFO [2020-10-27 00:37:40,694][Thread-13] - CacheGroup:HealthState,SubGroup:ANALYTICAL_MODEL_REFERENCE_DATA,Size:0,QueryTime:0
 INFO [2020-10-27 00:37:40,694][Thread-13] - CacheGroup:HealthState,SubGroup:PERFORMANCE_MEASURES_REF_DATA,Size:0,QueryTime:0
 INFO [2020-10-27 00:37:40,694][Thread-16] - CacheGroup:Supplier,SubGroup:N/A,Size:0,QueryTime:65,ProcessingTime:240
 INFO [2020-10-27 00:37:40,695][Thread-13] - CacheGroup:HealthState,SubGroup:CLINICAL_CONDITIONS_MAP,Size:0,QueryTime:0
 INFO [2020-10-27 00:37:40,696][Thread-17] - CacheGroup:Rule,SubGroup:N/A,Size:0,QueryTime:308
 INFO [2020-10-27 00:37:40,697][Thread-14] - CacheGroup:AdminCachesGroup,SubGroup:N/A,Size:10,QueryTime:312
 INFO [2020-10-27 00:37:40,698][Thread-15] - CacheGroup:AccountPackage,SubGroup:Recommendations,Size:0,QueryTime:8
 INFO [2020-10-27 00:37:40,699][Thread-11] - CacheGroup:Provider,SubGroup:N/A,Size:1,QueryTime:294,ProcessingTime:18
 INFO [2020-10-27 00:37:40,699][Thread-15] - CacheGroup:AccountPackage,SubGroup:ProductCommunicationSetups,Size:0,QueryTime:1
 INFO [2020-10-27 00:37:40,699][Thread-15] - CacheGroup:AccountPackage,SubGroup:AccountPackages,Size:0,QueryTime:0
 INFO [2020-10-27 00:37:40,699][Thread-15] - CacheGroup:AccountPackage,SubGroup:PendingSupplierCommData,Size:0,QueryTime:0
 INFO [2020-10-27 00:37:40,700][Thread-15] - CacheGroup:AccountPackage,SubGroup:SUPPLIER_RECOMMENDATIONS,Size:0,QueryTime:11
 INFO [2020-10-27 00:37:40,700][Thread-20] - CacheGroup:MemberExtract,SubGroup:N/A,Size:0,QueryTime:5,ProcessingTime:309
 INFO [2020-10-27 00:37:40,700][Thread-13] - CacheGroup:HealthState,SubGroup:MemberHealthProfile,Size:0,QueryTime:2
 INFO [2020-10-27 00:37:40,701][Thread-13] - CacheGroup:HealthState,SubGroup:PREDICTIVE_MODEL_COMMANDS,Size:0,QueryTime:1
 INFO [2020-10-27 00:37:40,701][Thread-13] - CacheGroup:HealthState,SubGroup:AHI_MODEL_REFERENCE_DATA,Size:0,QueryTime:0
 INFO [2020-10-27 00:37:40,701][Thread-19] - CacheGroup:ProviderExtract,SubGroup:N/A,Size:0,QueryTime:3,ProcessingTime:310
 INFO [2020-10-27 00:37:40,702][Thread-15] - CacheGroup:AccountPackage,SubGroup:N/A,Size:2,QueryTime:313
 INFO [2020-10-27 00:37:40,703][Thread-18] - CacheGroup:CARGroup,SubGroup:N/A,Size:0,QueryTime:317
 INFO [2020-10-27 00:37:40,704][Thread-13] - CacheGroup:HealthState,SubGroup:N/A,Size:2,QueryTime:318
 INFO [2020-10-27 00:39:15,948][Thread-15] - CacheGroup:AccountPackage,SubGroup:COMMUNICATIONMESSAGES,Size:0,QueryTime:0
 INFO [2020-10-27 00:39:15,952][Thread-15] - CacheGroup:AccountPackage,SubGroup:COMMUNICATIONMETHODS,Size:0,QueryTime:0
 INFO [2020-10-27 00:39:15,953][Thread-9] - CacheGroup:DrugAttribute,SubGroup:N/A,Size:0,QueryTime:0
 INFO [2020-10-27 00:39:15,955][Thread-15] - CacheGroup:AccountPackage,SubGroup:MESSAGETEXT,Size:0,QueryTime:0
 INFO [2020-10-27 00:39:15,956][Thread-12] - CacheGroup:ProviderSpeciality,SubGroup:N/A,Size:0,QueryTime:8
 INFO [2020-10-27 00:39:15,957][Thread-5] - CacheGroup:Lab,SubGroup:N/A,Size:0,QueryTime:1,ProcessingTime:7
 INFO [2020-10-27 00:39:15,957][Thread-3] - CacheGroup:Utilization,SubGroup:N/A,Size:0,QueryTime:4,ProcessingTime:5
 INFO [2020-10-27 00:39:15,957][Thread-10] - CacheGroup:GCNSequence,SubGroup:N/A,Size:0,QueryTime:2,ProcessingTime:6
 INFO [2020-10-27 00:39:15,958][Thread-6] - CacheGroup:Procedure,SubGroup:N/A,Size:0,QueryTime:3,ProcessingTime:4
 INFO [2020-10-27 00:39:15,958][Thread-4] - CacheGroup:Diagnostic,SubGroup:N/A,Size:0,QueryTime:0,ProcessingTime:7
 INFO [2020-10-27 00:39:15,958][Thread-8] - CacheGroup:Drg,SubGroup:N/A,Size:0,QueryTime:1,ProcessingTime:7
 INFO [2020-10-27 00:39:15,958][Thread-7] - CacheGroup:Drug,SubGroup:N/A,Size:0,QueryTime:0,ProcessingTime:7
 INFO [2020-10-27 00:39:15,959][Thread-15] - CacheGroup:AccountPackage,SubGroup:MEMBER_OPT_OUT_FFCENTER_INC,Size:2,QueryTime:2
 INFO [2020-10-27 00:39:15,960][Thread-15] - CacheGroup:AccountPackage,SubGroup:MARKER_SUPPLIER_NOTIFCATION,Size:0,QueryTime:0
 INFO [2020-10-27 00:39:15,960][Thread-15] - CacheGroup:AccountPackage,SubGroup:DUP_DATA_FOR_SPECIFIED_ACCOUNT_IDS,Size:0,QueryTime:0
 INFO [2020-10-27 00:39:15,960][Thread-15] - CacheGroup:AccountPackage,SubGroup:PIQ_ALERTS_ACCOUNT_IDS,Size:0,QueryTime:0
 INFO [2020-10-27 00:39:15,960][Thread-15] - CacheGroup:AccountPackage,SubGroup:PIQ_CDM_ACCOUNT_IDS,Size:0,QueryTime:0
 INFO [2020-10-27 00:39:15,961][Thread-15] - CacheGroup:AccountPackage,SubGroup:PATIENT_LEVEL_ALERTS_ACCOUNT_IDS,Size:0,QueryTime:0
 INFO [2020-10-27 00:39:15,961][Thread-15] - CacheGroup:AccountPackage,SubGroup:MHSAccountPackage,Size:0,QueryTime:0
 INFO [2020-10-27 00:39:15,961][Thread-15] - CacheGroup:AccountPackage,SubGroup:CPAccountPackage,Size:0,QueryTime:0
 INFO [2020-10-27 00:39:15,963][Thread-13] - CacheGroup:HealthState,SubGroup:FeedbackRefData,Size:2,QueryTime:6
 INFO [2020-10-27 00:39:15,967][Thread-13] - CacheGroup:HealthState,SubGroup:Recommendations,Size:0,QueryTime:2
 INFO [2020-10-27 00:39:15,967][Thread-13] - CacheGroup:HealthState,SubGroup:OPPORTUNITYSCORECATEGORIES,Size:0,QueryTime:0
 INFO [2020-10-27 00:39:15,968][Thread-13] - CacheGroup:HealthState,SubGroup:ANALYTICAL_MODEL_REFERENCE_DATA,Size:0,QueryTime:0
 INFO [2020-10-27 00:39:15,968][Thread-13] - CacheGroup:HealthState,SubGroup:PERFORMANCE_MEASURES_REF_DATA,Size:0,QueryTime:0
 INFO [2020-10-27 00:39:15,969][Thread-13] - CacheGroup:HealthState,SubGroup:CLINICAL_CONDITIONS_MAP,Size:0,QueryTime:0
 INFO [2020-10-27 00:39:15,970][Thread-15] - CacheGroup:AccountPackage,SubGroup:Recommendations,Size:0,QueryTime:8
 INFO [2020-10-27 00:39:15,970][Thread-20] - CacheGroup:MemberExtract,SubGroup:N/A,Size:0,QueryTime:0,ProcessingTime:19
 INFO [2020-10-27 00:39:15,971][Thread-15] - CacheGroup:AccountPackage,SubGroup:ProductCommunicationSetups,Size:0,QueryTime:1
 INFO [2020-10-27 00:39:15,971][Thread-17] - CacheGroup:Rule,SubGroup:N/A,Size:0,QueryTime:20
 INFO [2020-10-27 00:39:15,971][Thread-15] - CacheGroup:AccountPackage,SubGroup:AccountPackages,Size:0,QueryTime:0
 INFO [2020-10-27 00:39:15,972][Thread-15] - CacheGroup:AccountPackage,SubGroup:PendingSupplierCommData,Size:0,QueryTime:0
 INFO [2020-10-27 00:39:15,972][Thread-13] - CacheGroup:HealthState,SubGroup:MemberHealthProfile,Size:0,QueryTime:2
 INFO [2020-10-27 00:39:15,973][Thread-15] - CacheGroup:AccountPackage,SubGroup:SUPPLIER_RECOMMENDATIONS,Size:0,QueryTime:11
 INFO [2020-10-27 00:39:15,973][Thread-14] - CacheGroup:AdminCachesGroup,SubGroup:N/A,Size:10,QueryTime:25
 INFO [2020-10-27 00:39:15,973][Thread-13] - CacheGroup:HealthState,SubGroup:PREDICTIVE_MODEL_COMMANDS,Size:0,QueryTime:0
 INFO [2020-10-27 00:39:15,974][Thread-13] - CacheGroup:HealthState,SubGroup:AHI_MODEL_REFERENCE_DATA,Size:0,QueryTime:0
 INFO [2020-10-27 00:39:15,974][Thread-19] - CacheGroup:ProviderExtract,SubGroup:N/A,Size:0,QueryTime:0,ProcessingTime:23
 INFO [2020-10-27 00:39:15,975][Thread-16] - CacheGroup:Supplier,SubGroup:N/A,Size:0,QueryTime:9,ProcessingTime:18
 INFO [2020-10-27 00:39:15,976][Thread-15] - CacheGroup:AccountPackage,SubGroup:N/A,Size:2,QueryTime:28
 INFO [2020-10-27 00:39:15,977][Thread-13] - CacheGroup:HealthState,SubGroup:N/A,Size:2,QueryTime:29
 INFO [2020-10-27 00:39:15,978][Thread-18] - CacheGroup:CARGroup,SubGroup:N/A,Size:0,QueryTime:30
 INFO [2020-10-27 00:39:16,273][Thread-11] - CacheGroup:Provider,SubGroup:N/A,Size:1,QueryTime:323,ProcessingTime:2
 INFO [2020-10-27 09:01:48,610][Thread-15] - CacheGroup:AccountPackage,SubGroup:COMMUNICATIONMESSAGES,Size:0,QueryTime:0
 INFO [2020-10-27 09:01:48,616][Thread-9] - CacheGroup:DrugAttribute,SubGroup:N/A,Size:0,QueryTime:0
 INFO [2020-10-27 09:01:48,620][Thread-15] - CacheGroup:AccountPackage,SubGroup:COMMUNICATIONMETHODS,Size:0,QueryTime:0
 INFO [2020-10-27 09:01:48,621][Thread-15] - CacheGroup:AccountPackage,SubGroup:MESSAGETEXT,Size:0,QueryTime:0
 INFO [2020-10-27 09:01:48,925][Thread-10] - CacheGroup:GCNSequence,SubGroup:N/A,Size:0,QueryTime:2,ProcessingTime:311
 INFO [2020-10-27 09:01:48,926][Thread-3] - CacheGroup:Utilization,SubGroup:N/A,Size:0,QueryTime:8,ProcessingTime:307
 INFO [2020-10-27 09:01:48,927][Thread-5] - CacheGroup:Lab,SubGroup:N/A,Size:0,QueryTime:8,ProcessingTime:305
 INFO [2020-10-27 09:01:48,927][Thread-6] - CacheGroup:Procedure,SubGroup:N/A,Size:0,QueryTime:0,ProcessingTime:313
 INFO [2020-10-27 09:01:48,927][Thread-7] - CacheGroup:Drug,SubGroup:N/A,Size:0,QueryTime:1,ProcessingTime:313
 INFO [2020-10-27 09:01:48,927][Thread-8] - CacheGroup:Drg,SubGroup:N/A,Size:0,QueryTime:1,ProcessingTime:313
 INFO [2020-10-27 09:01:48,928][Thread-12] - CacheGroup:ProviderSpeciality,SubGroup:N/A,Size:0,QueryTime:317
 INFO [2020-10-27 09:01:48,929][Thread-4] - CacheGroup:Diagnostic,SubGroup:N/A,Size:0,QueryTime:0,ProcessingTime:313
 INFO [2020-10-27 09:01:48,929][Thread-15] - CacheGroup:AccountPackage,SubGroup:MEMBER_OPT_OUT_FFCENTER_INC,Size:2,QueryTime:1
 INFO [2020-10-27 09:01:48,930][Thread-15] - CacheGroup:AccountPackage,SubGroup:MARKER_SUPPLIER_NOTIFCATION,Size:0,QueryTime:0
 INFO [2020-10-27 09:01:48,930][Thread-15] - CacheGroup:AccountPackage,SubGroup:DUP_DATA_FOR_SPECIFIED_ACCOUNT_IDS,Size:0,QueryTime:0
 INFO [2020-10-27 09:01:48,931][Thread-15] - CacheGroup:AccountPackage,SubGroup:PIQ_ALERTS_ACCOUNT_IDS,Size:0,QueryTime:0
 INFO [2020-10-27 09:01:48,931][Thread-15] - CacheGroup:AccountPackage,SubGroup:PIQ_CDM_ACCOUNT_IDS,Size:0,QueryTime:0
 INFO [2020-10-27 09:01:48,931][Thread-15] - CacheGroup:AccountPackage,SubGroup:PATIENT_LEVEL_ALERTS_ACCOUNT_IDS,Size:0,QueryTime:0
 INFO [2020-10-27 09:01:48,931][Thread-15] - CacheGroup:AccountPackage,SubGroup:MHSAccountPackage,Size:0,QueryTime:0
 INFO [2020-10-27 09:01:48,932][Thread-15] - CacheGroup:AccountPackage,SubGroup:CPAccountPackage,Size:0,QueryTime:0
 INFO [2020-10-27 09:01:48,935][Thread-13] - CacheGroup:HealthState,SubGroup:FeedbackRefData,Size:2,QueryTime:10
 INFO [2020-10-27 09:01:48,940][Thread-11] - CacheGroup:Provider,SubGroup:N/A,Size:1,QueryTime:315,ProcessingTime:14
 INFO [2020-10-27 09:01:48,941][Thread-13] - CacheGroup:HealthState,SubGroup:Recommendations,Size:0,QueryTime:3
 INFO [2020-10-27 09:01:48,941][Thread-13] - CacheGroup:HealthState,SubGroup:OPPORTUNITYSCORECATEGORIES,Size:0,QueryTime:0
 INFO [2020-10-27 09:01:48,941][Thread-17] - CacheGroup:Rule,SubGroup:N/A,Size:0,QueryTime:323
 INFO [2020-10-27 09:01:48,942][Thread-13] - CacheGroup:HealthState,SubGroup:ANALYTICAL_MODEL_REFERENCE_DATA,Size:0,QueryTime:0
 INFO [2020-10-27 09:01:48,942][Thread-13] - CacheGroup:HealthState,SubGroup:PERFORMANCE_MEASURES_REF_DATA,Size:0,QueryTime:0
 INFO [2020-10-27 09:01:48,943][Thread-13] - CacheGroup:HealthState,SubGroup:CLINICAL_CONDITIONS_MAP,Size:0,QueryTime:0
 INFO [2020-10-27 09:01:48,944][Thread-14] - CacheGroup:AdminCachesGroup,SubGroup:N/A,Size:10,QueryTime:334
 INFO [2020-10-27 09:01:48,945][Thread-16] - CacheGroup:Supplier,SubGroup:N/A,Size:0,QueryTime:320,ProcessingTime:15
 INFO [2020-10-27 09:01:48,946][Thread-15] - CacheGroup:AccountPackage,SubGroup:Recommendations,Size:0,QueryTime:12
 INFO [2020-10-27 09:01:48,946][Thread-19] - CacheGroup:ProviderExtract,SubGroup:N/A,Size:0,QueryTime:0,ProcessingTime:329
 INFO [2020-10-27 09:01:48,947][Thread-15] - CacheGroup:AccountPackage,SubGroup:ProductCommunicationSetups,Size:0,QueryTime:1
 INFO [2020-10-27 09:01:48,947][Thread-15] - CacheGroup:AccountPackage,SubGroup:AccountPackages,Size:0,QueryTime:0
 INFO [2020-10-27 09:01:48,947][Thread-15] - CacheGroup:AccountPackage,SubGroup:PendingSupplierCommData,Size:0,QueryTime:0
 INFO [2020-10-27 09:01:48,948][Thread-15] - CacheGroup:AccountPackage,SubGroup:SUPPLIER_RECOMMENDATIONS,Size:0,QueryTime:17
 INFO [2020-10-27 09:01:48,948][Thread-13] - CacheGroup:HealthState,SubGroup:MemberHealthProfile,Size:0,QueryTime:3
 INFO [2020-10-27 09:01:48,948][Thread-20] - CacheGroup:MemberExtract,SubGroup:N/A,Size:0,QueryTime:0,ProcessingTime:334
 INFO [2020-10-27 09:01:48,949][Thread-13] - CacheGroup:HealthState,SubGroup:PREDICTIVE_MODEL_COMMANDS,Size:0,QueryTime:1
 INFO [2020-10-27 09:01:48,949][Thread-13] - CacheGroup:HealthState,SubGroup:AHI_MODEL_REFERENCE_DATA,Size:0,QueryTime:0
 INFO [2020-10-27 09:01:48,950][Thread-15] - CacheGroup:AccountPackage,SubGroup:N/A,Size:2,QueryTime:340
 INFO [2020-10-27 09:01:48,950][Thread-18] - CacheGroup:CARGroup,SubGroup:N/A,Size:0,QueryTime:340
 INFO [2020-10-27 09:01:48,951][Thread-13] - CacheGroup:HealthState,SubGroup:N/A,Size:2,QueryTime:340
 INFO [2020-10-27 09:20:43,494][Thread-15] - CacheGroup:AccountPackage,SubGroup:COMMUNICATIONMESSAGES,Size:0,QueryTime:0
 INFO [2020-10-27 09:20:43,500][Thread-15] - CacheGroup:AccountPackage,SubGroup:COMMUNICATIONMETHODS,Size:0,QueryTime:0
 INFO [2020-10-27 09:20:43,500][Thread-9] - CacheGroup:DrugAttribute,SubGroup:N/A,Size:0,QueryTime:0
 INFO [2020-10-27 09:20:43,501][Thread-15] - CacheGroup:AccountPackage,SubGroup:MESSAGETEXT,Size:0,QueryTime:0
 INFO [2020-10-27 09:20:43,571][Thread-3] - CacheGroup:Utilization,SubGroup:N/A,Size:0,QueryTime:4,ProcessingTime:73
 INFO [2020-10-27 09:20:43,571][Thread-4] - CacheGroup:Diagnostic,SubGroup:N/A,Size:0,QueryTime:1,ProcessingTime:75
 INFO [2020-10-27 09:20:43,572][Thread-7] - CacheGroup:Drug,SubGroup:N/A,Size:0,QueryTime:1,ProcessingTime:75
 INFO [2020-10-27 09:20:43,572][Thread-5] - CacheGroup:Lab,SubGroup:N/A,Size:0,QueryTime:5,ProcessingTime:72
 INFO [2020-10-27 09:20:43,572][Thread-10] - CacheGroup:GCNSequence,SubGroup:N/A,Size:0,QueryTime:2,ProcessingTime:75
 INFO [2020-10-27 09:20:43,831][Thread-8] - CacheGroup:Drg,SubGroup:N/A,Size:0,QueryTime:1,ProcessingTime:76
 INFO [2020-10-27 09:20:43,832][Thread-6] - CacheGroup:Procedure,SubGroup:N/A,Size:0,QueryTime:1,ProcessingTime:75
 INFO [2020-10-27 09:20:43,832][Thread-15] - CacheGroup:AccountPackage,SubGroup:MEMBER_OPT_OUT_FFCENTER_INC,Size:2,QueryTime:2
 INFO [2020-10-27 09:20:43,833][Thread-15] - CacheGroup:AccountPackage,SubGroup:MARKER_SUPPLIER_NOTIFCATION,Size:0,QueryTime:0
 INFO [2020-10-27 09:20:43,833][Thread-12] - CacheGroup:ProviderSpeciality,SubGroup:N/A,Size:0,QueryTime:339
 INFO [2020-10-27 09:20:43,834][Thread-15] - CacheGroup:AccountPackage,SubGroup:DUP_DATA_FOR_SPECIFIED_ACCOUNT_IDS,Size:0,QueryTime:0
 INFO [2020-10-27 09:20:43,835][Thread-15] - CacheGroup:AccountPackage,SubGroup:PIQ_ALERTS_ACCOUNT_IDS,Size:0,QueryTime:0
 INFO [2020-10-27 09:20:43,835][Thread-13] - CacheGroup:HealthState,SubGroup:FeedbackRefData,Size:2,QueryTime:264
 INFO [2020-10-27 09:20:43,835][Thread-15] - CacheGroup:AccountPackage,SubGroup:PIQ_CDM_ACCOUNT_IDS,Size:0,QueryTime:0
 INFO [2020-10-27 09:20:43,837][Thread-15] - CacheGroup:AccountPackage,SubGroup:PATIENT_LEVEL_ALERTS_ACCOUNT_IDS,Size:0,QueryTime:1
 INFO [2020-10-27 09:20:43,837][Thread-15] - CacheGroup:AccountPackage,SubGroup:MHSAccountPackage,Size:0,QueryTime:0
 INFO [2020-10-27 09:20:43,837][Thread-15] - CacheGroup:AccountPackage,SubGroup:CPAccountPackage,Size:0,QueryTime:0
 INFO [2020-10-27 09:20:43,844][Thread-11] - CacheGroup:Provider,SubGroup:N/A,Size:1,QueryTime:337,ProcessingTime:13
 INFO [2020-10-27 09:20:43,845][Thread-13] - CacheGroup:HealthState,SubGroup:Recommendations,Size:0,QueryTime:2
 INFO [2020-10-27 09:20:43,846][Thread-13] - CacheGroup:HealthState,SubGroup:OPPORTUNITYSCORECATEGORIES,Size:0,QueryTime:0
 INFO [2020-10-27 09:20:43,846][Thread-17] - CacheGroup:Rule,SubGroup:N/A,Size:0,QueryTime:349
 INFO [2020-10-27 09:20:43,847][Thread-13] - CacheGroup:HealthState,SubGroup:ANALYTICAL_MODEL_REFERENCE_DATA,Size:0,QueryTime:0
 INFO [2020-10-27 09:20:43,848][Thread-13] - CacheGroup:HealthState,SubGroup:PERFORMANCE_MEASURES_REF_DATA,Size:0,QueryTime:0
 INFO [2020-10-27 09:20:43,848][Thread-13] - CacheGroup:HealthState,SubGroup:CLINICAL_CONDITIONS_MAP,Size:0,QueryTime:0
 INFO [2020-10-27 09:20:43,849][Thread-20] - CacheGroup:MemberExtract,SubGroup:N/A,Size:0,QueryTime:3,ProcessingTime:350
 INFO [2020-10-27 09:20:43,851][Thread-15] - CacheGroup:AccountPackage,SubGroup:Recommendations,Size:0,QueryTime:14
 INFO [2020-10-27 09:20:43,851][Thread-14] - CacheGroup:AdminCachesGroup,SubGroup:N/A,Size:10,QueryTime:357
 INFO [2020-10-27 09:20:43,852][Thread-15] - CacheGroup:AccountPackage,SubGroup:ProductCommunicationSetups,Size:0,QueryTime:1
 INFO [2020-10-27 09:20:43,852][Thread-15] - CacheGroup:AccountPackage,SubGroup:AccountPackages,Size:0,QueryTime:0
 INFO [2020-10-27 09:20:43,853][Thread-15] - CacheGroup:AccountPackage,SubGroup:PendingSupplierCommData,Size:0,QueryTime:1
 INFO [2020-10-27 09:20:43,854][Thread-15] - CacheGroup:AccountPackage,SubGroup:SUPPLIER_RECOMMENDATIONS,Size:0,QueryTime:17
 INFO [2020-10-27 09:20:43,854][Thread-19] - CacheGroup:ProviderExtract,SubGroup:N/A,Size:0,QueryTime:6,ProcessingTime:354
 INFO [2020-10-27 09:20:43,854][Thread-13] - CacheGroup:HealthState,SubGroup:MemberHealthProfile,Size:0,QueryTime:4
 INFO [2020-10-27 09:20:43,855][Thread-13] - CacheGroup:HealthState,SubGroup:PREDICTIVE_MODEL_COMMANDS,Size:0,QueryTime:0
 INFO [2020-10-27 09:20:43,855][Thread-13] - CacheGroup:HealthState,SubGroup:AHI_MODEL_REFERENCE_DATA,Size:0,QueryTime:0
 INFO [2020-10-27 09:20:43,856][Thread-16] - CacheGroup:Supplier,SubGroup:N/A,Size:0,QueryTime:336,ProcessingTime:22
 INFO [2020-10-27 09:20:43,857][Thread-15] - CacheGroup:AccountPackage,SubGroup:N/A,Size:2,QueryTime:363
 INFO [2020-10-27 09:20:43,858][Thread-18] - CacheGroup:CARGroup,SubGroup:N/A,Size:0,QueryTime:364
 INFO [2020-10-27 09:20:43,859][Thread-13] - CacheGroup:HealthState,SubGroup:N/A,Size:2,QueryTime:365
 INFO [2020-10-27 10:36:47,450][Thread-15] - CacheGroup:AccountPackage,SubGroup:COMMUNICATIONMESSAGES,Size:0,QueryTime:0
 INFO [2020-10-27 10:36:47,753][Thread-15] - CacheGroup:AccountPackage,SubGroup:COMMUNICATIONMETHODS,Size:0,QueryTime:0
 INFO [2020-10-27 10:36:47,754][Thread-9] - CacheGroup:DrugAttribute,SubGroup:N/A,Size:0,QueryTime:0
 INFO [2020-10-27 10:36:47,756][Thread-15] - CacheGroup:AccountPackage,SubGroup:MESSAGETEXT,Size:0,QueryTime:0
 INFO [2020-10-27 10:36:47,756][Thread-6] - CacheGroup:Procedure,SubGroup:N/A,Size:0,QueryTime:1,ProcessingTime:304
 INFO [2020-10-27 10:36:47,756][Thread-8] - CacheGroup:Drg,SubGroup:N/A,Size:0,QueryTime:2,ProcessingTime:304
 INFO [2020-10-27 10:36:47,757][Thread-12] - CacheGroup:ProviderSpeciality,SubGroup:N/A,Size:0,QueryTime:307
 INFO [2020-10-27 10:36:47,757][Thread-10] - CacheGroup:GCNSequence,SubGroup:N/A,Size:0,QueryTime:1,ProcessingTime:305
 INFO [2020-10-27 10:36:47,758][Thread-4] - CacheGroup:Diagnostic,SubGroup:N/A,Size:0,QueryTime:1,ProcessingTime:305
 INFO [2020-10-27 10:36:47,758][Thread-7] - CacheGroup:Drug,SubGroup:N/A,Size:0,QueryTime:2,ProcessingTime:305
 INFO [2020-10-27 10:36:47,759][Thread-15] - CacheGroup:AccountPackage,SubGroup:MEMBER_OPT_OUT_FFCENTER_INC,Size:2,QueryTime:3
 INFO [2020-10-27 10:36:47,759][Thread-5] - CacheGroup:Lab,SubGroup:N/A,Size:0,QueryTime:2,ProcessingTime:303
 INFO [2020-10-27 10:36:47,759][Thread-3] - CacheGroup:Utilization,SubGroup:N/A,Size:0,QueryTime:4,ProcessingTime:303
 INFO [2020-10-27 10:36:47,760][Thread-15] - CacheGroup:AccountPackage,SubGroup:MARKER_SUPPLIER_NOTIFCATION,Size:0,QueryTime:0
 INFO [2020-10-27 10:36:47,760][Thread-15] - CacheGroup:AccountPackage,SubGroup:DUP_DATA_FOR_SPECIFIED_ACCOUNT_IDS,Size:0,QueryTime:0
 INFO [2020-10-27 10:36:47,760][Thread-15] - CacheGroup:AccountPackage,SubGroup:PIQ_ALERTS_ACCOUNT_IDS,Size:0,QueryTime:0
 INFO [2020-10-27 10:36:47,761][Thread-15] - CacheGroup:AccountPackage,SubGroup:PIQ_CDM_ACCOUNT_IDS,Size:0,QueryTime:0
 INFO [2020-10-27 10:36:47,761][Thread-15] - CacheGroup:AccountPackage,SubGroup:PATIENT_LEVEL_ALERTS_ACCOUNT_IDS,Size:0,QueryTime:0
 INFO [2020-10-27 10:36:47,761][Thread-15] - CacheGroup:AccountPackage,SubGroup:MHSAccountPackage,Size:0,QueryTime:0
 INFO [2020-10-27 10:36:47,762][Thread-15] - CacheGroup:AccountPackage,SubGroup:CPAccountPackage,Size:0,QueryTime:0
 INFO [2020-10-27 10:36:47,764][Thread-13] - CacheGroup:HealthState,SubGroup:FeedbackRefData,Size:2,QueryTime:10
 INFO [2020-10-27 10:36:47,771][Thread-19] - CacheGroup:ProviderExtract,SubGroup:N/A,Size:0,QueryTime:2,ProcessingTime:317
 INFO [2020-10-27 10:36:47,772][Thread-17] - CacheGroup:Rule,SubGroup:N/A,Size:0,QueryTime:320
 INFO [2020-10-27 10:36:47,773][Thread-15] - CacheGroup:AccountPackage,SubGroup:Recommendations,Size:0,QueryTime:10
 INFO [2020-10-27 10:36:47,774][Thread-14] - CacheGroup:AdminCachesGroup,SubGroup:N/A,Size:10,QueryTime:324
 INFO [2020-10-27 10:36:47,774][Thread-15] - CacheGroup:AccountPackage,SubGroup:ProductCommunicationSetups,Size:0,QueryTime:1
 INFO [2020-10-27 10:36:47,775][Thread-13] - CacheGroup:HealthState,SubGroup:Recommendations,Size:0,QueryTime:2
 INFO [2020-10-27 10:36:47,775][Thread-15] - CacheGroup:AccountPackage,SubGroup:AccountPackages,Size:0,QueryTime:0
 INFO [2020-10-27 10:36:47,775][Thread-15] - CacheGroup:AccountPackage,SubGroup:PendingSupplierCommData,Size:0,QueryTime:0
 INFO [2020-10-27 10:36:47,775][Thread-13] - CacheGroup:HealthState,SubGroup:OPPORTUNITYSCORECATEGORIES,Size:0,QueryTime:0
 INFO [2020-10-27 10:36:47,775][Thread-15] - CacheGroup:AccountPackage,SubGroup:SUPPLIER_RECOMMENDATIONS,Size:0,QueryTime:14
 INFO [2020-10-27 10:36:47,776][Thread-16] - CacheGroup:Supplier,SubGroup:N/A,Size:0,QueryTime:304,ProcessingTime:19
 INFO [2020-10-27 10:36:47,776][Thread-13] - CacheGroup:HealthState,SubGroup:ANALYTICAL_MODEL_REFERENCE_DATA,Size:0,QueryTime:0
 INFO [2020-10-27 10:36:47,776][Thread-13] - CacheGroup:HealthState,SubGroup:PERFORMANCE_MEASURES_REF_DATA,Size:0,QueryTime:0
 INFO [2020-10-27 10:36:47,777][Thread-11] - CacheGroup:Provider,SubGroup:N/A,Size:1,QueryTime:304,ProcessingTime:23
 INFO [2020-10-27 10:36:47,777][Thread-13] - CacheGroup:HealthState,SubGroup:CLINICAL_CONDITIONS_MAP,Size:0,QueryTime:0
 INFO [2020-10-27 10:36:47,778][Thread-20] - CacheGroup:MemberExtract,SubGroup:N/A,Size:0,QueryTime:2,ProcessingTime:324
 INFO [2020-10-27 10:36:47,779][Thread-15] - CacheGroup:AccountPackage,SubGroup:N/A,Size:2,QueryTime:329
 INFO [2020-10-27 10:36:47,780][Thread-18] - CacheGroup:CARGroup,SubGroup:N/A,Size:0,QueryTime:330
 INFO [2020-10-27 10:36:47,780][Thread-13] - CacheGroup:HealthState,SubGroup:MemberHealthProfile,Size:0,QueryTime:2
 INFO [2020-10-27 10:36:47,780][Thread-13] - CacheGroup:HealthState,SubGroup:PREDICTIVE_MODEL_COMMANDS,Size:0,QueryTime:0
 INFO [2020-10-27 10:36:47,781][Thread-13] - CacheGroup:HealthState,SubGroup:AHI_MODEL_REFERENCE_DATA,Size:0,QueryTime:0
 INFO [2020-10-27 10:36:47,783][Thread-13] - CacheGroup:HealthState,SubGroup:N/A,Size:2,QueryTime:333
 INFO [2020-10-27 16:02:43,032][Thread-14] - CacheGroup:AdminCachesGroup,SubGroup:N/A,Size:0,QueryTime:1
 INFO [2020-10-27 16:02:43,033][Thread-15] - CacheGroup:AccountPackage,SubGroup:COMMUNICATIONMESSAGES,Size:0,QueryTime:2
 INFO [2020-10-27 16:02:43,033][Thread-8] - CacheGroup:Drg,SubGroup:N/A,Size:0,QueryTime:0
 INFO [2020-10-27 16:02:43,032][Thread-10] - CacheGroup:GCNSequence,SubGroup:N/A,Size:0,QueryTime:0
 INFO [2020-10-27 16:02:43,034][Thread-3] - CacheGroup:Utilization,SubGroup:N/A,Size:0,QueryTime:0
 INFO [2020-10-27 16:02:43,033][Thread-9] - CacheGroup:DrugAttribute,SubGroup:N/A,Size:0,QueryTime:0
 INFO [2020-10-27 16:02:43,034][Thread-20] - CacheGroup:MemberExtract,SubGroup:N/A,Size:0,QueryTime:0
 INFO [2020-10-27 16:02:43,034][Thread-15] - CacheGroup:AccountPackage,SubGroup:N/A,Size:0,QueryTime:3
 INFO [2020-10-27 16:02:43,034][Thread-17] - CacheGroup:Rule,SubGroup:N/A,Size:0,QueryTime:1
 INFO [2020-10-27 16:02:43,035][Thread-19] - CacheGroup:ProviderExtract,SubGroup:N/A,Size:0,QueryTime:0
 INFO [2020-10-27 16:02:43,035][Thread-16] - CacheGroup:Supplier,SubGroup:N/A,Size:0,QueryTime:0
 INFO [2020-10-27 16:02:43,536][Thread-13] - CacheGroup:HealthState,SubGroup:FeedbackRefData,Size:0,QueryTime:1
 INFO [2020-10-27 16:02:43,536][Thread-13] - CacheGroup:HealthState,SubGroup:N/A,Size:0,QueryTime:505
 INFO [2020-10-27 16:02:43,537][Thread-6] - CacheGroup:Procedure,SubGroup:N/A,Size:0,QueryTime:1,ProcessingTime:500
 INFO [2020-10-27 16:02:43,539][Thread-7] - CacheGroup:Drug,SubGroup:N/A,Size:0,QueryTime:1,ProcessingTime:502
 INFO [2020-10-27 16:02:43,539][Thread-4] - CacheGroup:Diagnostic,SubGroup:N/A,Size:0,QueryTime:2,ProcessingTime:502
 INFO [2020-10-27 16:02:43,539][Thread-5] - CacheGroup:Lab,SubGroup:N/A,Size:0,QueryTime:2,ProcessingTime:500
 INFO [2020-10-27 16:27:17,301][Thread-15] - CacheGroup:AccountPackage,SubGroup:COMMUNICATIONMESSAGES,Size:0,QueryTime:2
 INFO [2020-10-27 16:27:17,302][Thread-20] - CacheGroup:MemberExtract,SubGroup:N/A,Size:0,QueryTime:0
 INFO [2020-10-27 16:27:17,304][Thread-15] - CacheGroup:AccountPackage,SubGroup:N/A,Size:0,QueryTime:6
 INFO [2020-10-27 16:27:17,301][Thread-7] - CacheGroup:Drug,SubGroup:N/A,Size:0,QueryTime:0
 INFO [2020-10-27 16:27:17,305][Thread-16] - CacheGroup:Supplier,SubGroup:N/A,Size:0,QueryTime:0
 INFO [2020-10-27 16:27:17,300][Thread-14] - CacheGroup:AdminCachesGroup,SubGroup:N/A,Size:0,QueryTime:2
 INFO [2020-10-27 16:27:17,300][Thread-9] - CacheGroup:DrugAttribute,SubGroup:N/A,Size:0,QueryTime:0
 INFO [2020-10-27 16:27:17,300][Thread-12] - CacheGroup:ProviderSpeciality,SubGroup:N/A,Size:0,QueryTime:0
 INFO [2020-10-27 16:27:17,306][Thread-19] - CacheGroup:ProviderExtract,SubGroup:N/A,Size:0,QueryTime:0
 INFO [2020-10-27 16:27:17,301][Thread-10] - CacheGroup:GCNSequence,SubGroup:N/A,Size:0,QueryTime:0
 INFO [2020-10-27 16:27:17,303][Thread-17] - CacheGroup:Rule,SubGroup:N/A,Size:0,QueryTime:6
 INFO [2020-10-27 16:27:17,312][Thread-8] - CacheGroup:Drg,SubGroup:N/A,Size:0,QueryTime:0,ProcessingTime:9
 INFO [2020-10-27 16:27:17,313][Thread-5] - CacheGroup:Lab,SubGroup:N/A,Size:0,QueryTime:1,ProcessingTime:8
 INFO [2020-10-27 16:27:17,313][Thread-6] - CacheGroup:Procedure,SubGroup:N/A,Size:0,QueryTime:1,ProcessingTime:7
 INFO [2020-10-27 16:27:17,384][Thread-3] - CacheGroup:Utilization,SubGroup:N/A,Size:0,QueryTime:0,ProcessingTime:5
 INFO [2020-10-27 16:27:17,384][Thread-4] - CacheGroup:Diagnostic,SubGroup:N/A,Size:0,QueryTime:3,ProcessingTime:9
 INFO [2020-10-27 16:27:17,661][Thread-13] - CacheGroup:HealthState,SubGroup:FeedbackRefData,Size:0,QueryTime:1
 INFO [2020-10-27 16:27:17,661][Thread-13] - CacheGroup:HealthState,SubGroup:N/A,Size:0,QueryTime:363
 INFO [2020-10-27 16:27:17,670][Thread-11] - CacheGroup:Provider,SubGroup:N/A,Size:1,QueryTime:363,ProcessingTime:9
 INFO [2020-10-27 16:27:17,672][Thread-18] - CacheGroup:CARGroup,SubGroup:N/A,Size:0,QueryTime:375
 INFO [2020-10-27 16:49:20,464][Thread-15] - CacheGroup:AccountPackage,SubGroup:COMMUNICATIONMESSAGES,Size:0,QueryTime:2
 INFO [2020-10-27 16:49:20,468][Thread-9] - CacheGroup:DrugAttribute,SubGroup:N/A,Size:0,QueryTime:0
 INFO [2020-10-27 16:49:20,471][Thread-10] - CacheGroup:GCNSequence,SubGroup:N/A,Size:0,QueryTime:1,ProcessingTime:6
 INFO [2020-10-27 16:49:20,794][Thread-6] - CacheGroup:Procedure,SubGroup:N/A,Size:0,QueryTime:1,ProcessingTime:65
 INFO [2020-10-27 16:49:20,794][Thread-7] - CacheGroup:Drug,SubGroup:N/A,Size:0,QueryTime:0,ProcessingTime:65
 INFO [2020-10-27 16:49:20,794][Thread-15] - CacheGroup:AccountPackage,SubGroup:COMMUNICATIONMETHODS,Size:0,QueryTime:0
 INFO [2020-10-27 16:49:20,794][Thread-8] - CacheGroup:Drg,SubGroup:N/A,Size:0,QueryTime:1,ProcessingTime:7
 INFO [2020-10-27 16:49:20,795][Thread-13] - CacheGroup:HealthState,SubGroup:FeedbackRefData,Size:0,QueryTime:325
 INFO [2020-10-27 16:49:20,796][Thread-5] - CacheGroup:Lab,SubGroup:N/A,Size:0,QueryTime:1,ProcessingTime:7
 INFO [2020-10-27 16:49:20,796][Thread-4] - CacheGroup:Diagnostic,SubGroup:N/A,Size:0,QueryTime:0,ProcessingTime:7
 INFO [2020-10-27 16:49:20,797][Thread-13] - CacheGroup:HealthState,SubGroup:N/A,Size:0,QueryTime:335
 INFO [2020-10-27 16:49:20,797][Thread-3] - CacheGroup:Utilization,SubGroup:N/A,Size:0,QueryTime:3,ProcessingTime:64
 INFO [2020-10-27 16:49:20,798][Thread-15] - CacheGroup:AccountPackage,SubGroup:MESSAGETEXT,Size:0,QueryTime:0
 INFO [2020-10-27 16:49:20,799][Thread-12] - CacheGroup:ProviderSpeciality,SubGroup:N/A,Size:0,QueryTime:336
 INFO [2020-10-27 16:49:20,800][Thread-15] - CacheGroup:AccountPackage,SubGroup:MEMBER_OPT_OUT_FFCENTER_INC,Size:2,QueryTime:1
 INFO [2020-10-27 16:49:20,801][Thread-15] - CacheGroup:AccountPackage,SubGroup:MARKER_SUPPLIER_NOTIFCATION,Size:0,QueryTime:0
 INFO [2020-10-27 16:49:20,802][Thread-15] - CacheGroup:AccountPackage,SubGroup:DUP_DATA_FOR_SPECIFIED_ACCOUNT_IDS,Size:0,QueryTime:1
 INFO [2020-10-27 16:49:20,804][Thread-15] - CacheGroup:AccountPackage,SubGroup:PIQ_ALERTS_ACCOUNT_IDS,Size:0,QueryTime:0
 INFO [2020-10-27 16:49:20,804][Thread-15] - CacheGroup:AccountPackage,SubGroup:PIQ_CDM_ACCOUNT_IDS,Size:0,QueryTime:0
 INFO [2020-10-27 16:49:20,805][Thread-15] - CacheGroup:AccountPackage,SubGroup:PATIENT_LEVEL_ALERTS_ACCOUNT_IDS,Size:0,QueryTime:1
 INFO [2020-10-27 16:49:20,805][Thread-15] - CacheGroup:AccountPackage,SubGroup:MHSAccountPackage,Size:0,QueryTime:0
 INFO [2020-10-27 16:49:20,806][Thread-15] - CacheGroup:AccountPackage,SubGroup:CPAccountPackage,Size:0,QueryTime:0
 INFO [2020-10-27 16:49:20,812][Thread-16] - CacheGroup:Supplier,SubGroup:N/A,Size:0,QueryTime:334,ProcessingTime:15
 INFO [2020-10-27 16:49:20,813][Thread-11] - CacheGroup:Provider,SubGroup:N/A,Size:1,QueryTime:332,ProcessingTime:17
 INFO [2020-10-27 16:49:20,814][Thread-19] - CacheGroup:ProviderExtract,SubGroup:N/A,Size:0,QueryTime:7,ProcessingTime:345
 INFO [2020-10-27 17:09:01,614][Thread-15] - CacheGroup:AccountPackage,SubGroup:COMMUNICATIONMESSAGES,Size:0,QueryTime:2
 INFO [2020-10-27 17:09:01,617][Thread-9] - CacheGroup:DrugAttribute,SubGroup:N/A,Size:0,QueryTime:0
 INFO [2020-10-27 17:09:01,618][Thread-15] - CacheGroup:AccountPackage,SubGroup:COMMUNICATIONMETHODS,Size:0,QueryTime:0
 INFO [2020-10-27 17:09:01,618][Thread-15] - CacheGroup:AccountPackage,SubGroup:MESSAGETEXT,Size:0,QueryTime:0
 INFO [2020-10-27 17:09:01,686][Thread-15] - CacheGroup:AccountPackage,SubGroup:MEMBER_OPT_OUT_FFCENTER_INC,Size:2,QueryTime:67
 INFO [2020-10-27 17:09:02,093][Thread-10] - CacheGroup:GCNSequence,SubGroup:N/A,Size:0,QueryTime:4,ProcessingTime:475
 INFO [2020-10-27 17:09:02,096][Thread-8] - CacheGroup:Drg,SubGroup:N/A,Size:0,QueryTime:1,ProcessingTime:478
 INFO [2020-10-27 17:09:02,096][Thread-5] - CacheGroup:Lab,SubGroup:N/A,Size:0,QueryTime:3,ProcessingTime:475
 INFO [2020-10-27 17:09:02,096][Thread-7] - CacheGroup:Drug,SubGroup:N/A,Size:0,QueryTime:1,ProcessingTime:7
 INFO [2020-10-27 17:09:02,097][Thread-3] - CacheGroup:Utilization,SubGroup:N/A,Size:0,QueryTime:3,ProcessingTime:476
 INFO [2020-10-27 17:09:02,097][Thread-6] - CacheGroup:Procedure,SubGroup:N/A,Size:0,QueryTime:1,ProcessingTime:7
 INFO [2020-10-27 17:09:02,097][Thread-4] - CacheGroup:Diagnostic,SubGroup:N/A,Size:0,QueryTime:1,ProcessingTime:6
 INFO [2020-10-27 17:09:02,098][Thread-15] - CacheGroup:AccountPackage,SubGroup:MARKER_SUPPLIER_NOTIFCATION,Size:0,QueryTime:1
 INFO [2020-10-27 17:09:02,099][Thread-15] - CacheGroup:AccountPackage,SubGroup:DUP_DATA_FOR_SPECIFIED_ACCOUNT_IDS,Size:0,QueryTime:1
 INFO [2020-10-27 17:09:02,099][Thread-12] - CacheGroup:ProviderSpeciality,SubGroup:N/A,Size:0,QueryTime:487
 INFO [2020-10-27 17:09:02,100][Thread-15] - CacheGroup:AccountPackage,SubGroup:PIQ_ALERTS_ACCOUNT_IDS,Size:0,QueryTime:0
 INFO [2020-10-27 17:09:02,101][Thread-15] - CacheGroup:AccountPackage,SubGroup:PIQ_CDM_ACCOUNT_IDS,Size:0,QueryTime:1
 INFO [2020-10-27 17:09:02,101][Thread-15] - CacheGroup:AccountPackage,SubGroup:PATIENT_LEVEL_ALERTS_ACCOUNT_IDS,Size:0,QueryTime:0
 INFO [2020-10-27 17:09:02,104][Thread-15] - CacheGroup:AccountPackage,SubGroup:MHSAccountPackage,Size:0,QueryTime:1
 INFO [2020-10-27 17:09:02,104][Thread-15] - CacheGroup:AccountPackage,SubGroup:CPAccountPackage,Size:0,QueryTime:0
 INFO [2020-10-27 17:09:02,106][Thread-13] - CacheGroup:HealthState,SubGroup:FeedbackRefData,Size:2,QueryTime:486
 INFO [2020-10-27 17:09:02,109][Thread-20] - CacheGroup:MemberExtract,SubGroup:N/A,Size:0,QueryTime:3,ProcessingTime:492
 INFO [2020-10-27 17:09:02,112][Thread-14] - CacheGroup:AdminCachesGroup,SubGroup:N/A,Size:10,QueryTime:500
 INFO [2020-10-27 17:09:02,114][Thread-19] - CacheGroup:ProviderExtract,SubGroup:N/A,Size:0,QueryTime:3,ProcessingTime:497
 INFO [2020-10-27 17:09:02,117][Thread-16] - CacheGroup:Supplier,SubGroup:N/A,Size:0,QueryTime:487,ProcessingTime:18
 INFO [2020-10-27 17:09:02,118][Thread-11] - CacheGroup:Provider,SubGroup:N/A,Size:1,QueryTime:480,ProcessingTime:26
 INFO [2020-10-27 17:09:02,117][Thread-13] - CacheGroup:HealthState,SubGroup:Recommendations,Size:0,QueryTime:7
 INFO [2020-10-27 17:09:02,119][Thread-17] - CacheGroup:Rule,SubGroup:N/A,Size:0,QueryTime:507
 INFO [2020-10-27 17:09:02,120][Thread-15] - CacheGroup:AccountPackage,SubGroup:Recommendations,Size:0,QueryTime:15
 INFO [2020-10-27 17:09:02,121][Thread-13] - CacheGroup:HealthState,SubGroup:OPPORTUNITYSCORECATEGORIES,Size:0,QueryTime:1
 INFO [2020-10-27 17:09:02,122][Thread-18] - CacheGroup:CARGroup,SubGroup:N/A,Size:0,QueryTime:510
 INFO [2020-10-27 17:09:02,122][Thread-15] - CacheGroup:AccountPackage,SubGroup:ProductCommunicationSetups,Size:0,QueryTime:1
 INFO [2020-10-27 17:09:02,123][Thread-15] - CacheGroup:AccountPackage,SubGroup:AccountPackages,Size:0,QueryTime:0
 INFO [2020-10-27 17:09:02,124][Thread-13] - CacheGroup:HealthState,SubGroup:ANALYTICAL_MODEL_REFERENCE_DATA,Size:0,QueryTime:1
 INFO [2020-10-27 17:09:02,124][Thread-15] - CacheGroup:AccountPackage,SubGroup:PendingSupplierCommData,Size:0,QueryTime:1
 INFO [2020-10-27 17:09:02,125][Thread-13] - CacheGroup:HealthState,SubGroup:PERFORMANCE_MEASURES_REF_DATA,Size:0,QueryTime:0
 INFO [2020-10-27 17:09:02,125][Thread-15] - CacheGroup:AccountPackage,SubGroup:SUPPLIER_RECOMMENDATIONS,Size:0,QueryTime:22
 INFO [2020-10-27 17:09:02,126][Thread-13] - CacheGroup:HealthState,SubGroup:CLINICAL_CONDITIONS_MAP,Size:0,QueryTime:0
 INFO [2020-10-27 17:09:02,129][Thread-15] - CacheGroup:AccountPackage,SubGroup:N/A,Size:2,QueryTime:517
 INFO [2020-10-27 17:09:02,137][Thread-13] - CacheGroup:HealthState,SubGroup:MemberHealthProfile,Size:0,QueryTime:10
 INFO [2020-10-27 17:09:02,138][Thread-13] - CacheGroup:HealthState,SubGroup:PREDICTIVE_MODEL_COMMANDS,Size:0,QueryTime:0
 INFO [2020-10-27 17:09:02,139][Thread-13] - CacheGroup:HealthState,SubGroup:AHI_MODEL_REFERENCE_DATA,Size:0,QueryTime:1
 INFO [2020-10-27 17:09:02,142][Thread-13] - CacheGroup:HealthState,SubGroup:N/A,Size:2,QueryTime:530
 INFO [2020-10-27 17:42:30,963][Thread-15] - CacheGroup:AccountPackage,SubGroup:COMMUNICATIONMESSAGES,Size:0,QueryTime:2
 INFO [2020-10-27 17:42:30,967][Thread-9] - CacheGroup:DrugAttribute,SubGroup:N/A,Size:0,QueryTime:0
 INFO [2020-10-27 17:42:31,029][Thread-15] - CacheGroup:AccountPackage,SubGroup:COMMUNICATIONMETHODS,Size:0,QueryTime:62
 INFO [2020-10-27 17:42:31,268][Thread-3] - CacheGroup:Utilization,SubGroup:N/A,Size:0,QueryTime:4,ProcessingTime:303
 INFO [2020-10-27 17:42:31,268][Thread-10] - CacheGroup:GCNSequence,SubGroup:N/A,Size:0,QueryTime:3,ProcessingTime:303
 INFO [2020-10-27 17:42:31,269][Thread-4] - CacheGroup:Diagnostic,SubGroup:N/A,Size:0,QueryTime:2,ProcessingTime:306
 INFO [2020-10-27 17:42:31,270][Thread-12] - CacheGroup:ProviderSpeciality,SubGroup:N/A,Size:0,QueryTime:309
 INFO [2020-10-27 17:42:31,271][Thread-6] - CacheGroup:Procedure,SubGroup:N/A,Size:0,QueryTime:2,ProcessingTime:307
 INFO [2020-10-27 17:42:31,271][Thread-8] - CacheGroup:Drg,SubGroup:N/A,Size:0,QueryTime:2,ProcessingTime:304
 INFO [2020-10-27 17:42:31,271][Thread-5] - CacheGroup:Lab,SubGroup:N/A,Size:0,QueryTime:3,ProcessingTime:306
 INFO [2020-10-27 17:42:31,272][Thread-7] - CacheGroup:Drug,SubGroup:N/A,Size:0,QueryTime:2,ProcessingTime:307
 INFO [2020-10-27 17:42:31,273][Thread-15] - CacheGroup:AccountPackage,SubGroup:MESSAGETEXT,Size:0,QueryTime:0
 INFO [2020-10-27 17:42:31,278][Thread-15] - CacheGroup:AccountPackage,SubGroup:MEMBER_OPT_OUT_FFCENTER_INC,Size:2,QueryTime:5
 INFO [2020-10-27 17:42:31,279][Thread-15] - CacheGroup:AccountPackage,SubGroup:MARKER_SUPPLIER_NOTIFCATION,Size:0,QueryTime:1
 INFO [2020-10-27 17:42:31,279][Thread-13] - CacheGroup:HealthState,SubGroup:FeedbackRefData,Size:2,QueryTime:13
 INFO [2020-10-27 17:42:31,280][Thread-15] - CacheGroup:AccountPackage,SubGroup:DUP_DATA_FOR_SPECIFIED_ACCOUNT_IDS,Size:0,QueryTime:1
 INFO [2020-10-27 17:42:31,282][Thread-15] - CacheGroup:AccountPackage,SubGroup:PIQ_ALERTS_ACCOUNT_IDS,Size:0,QueryTime:1
 INFO [2020-10-27 17:42:31,282][Thread-15] - CacheGroup:AccountPackage,SubGroup:PIQ_CDM_ACCOUNT_IDS,Size:0,QueryTime:0
 INFO [2020-10-27 17:42:31,282][Thread-15] - CacheGroup:AccountPackage,SubGroup:PATIENT_LEVEL_ALERTS_ACCOUNT_IDS,Size:0,QueryTime:0
 INFO [2020-10-27 17:42:31,283][Thread-15] - CacheGroup:AccountPackage,SubGroup:MHSAccountPackage,Size:0,QueryTime:0
 INFO [2020-10-27 17:42:31,283][Thread-15] - CacheGroup:AccountPackage,SubGroup:CPAccountPackage,Size:0,QueryTime:0
 INFO [2020-10-27 17:42:31,285][Thread-20] - CacheGroup:MemberExtract,SubGroup:N/A,Size:0,QueryTime:5,ProcessingTime:318
 INFO [2020-10-27 17:42:31,286][Thread-11] - CacheGroup:Provider,SubGroup:N/A,Size:1,QueryTime:305,ProcessingTime:20
 INFO [2020-10-27 17:42:31,288][Thread-13] - CacheGroup:HealthState,SubGroup:Recommendations,Size:0,QueryTime:3
 INFO [2020-10-27 17:42:31,289][Thread-14] - CacheGroup:AdminCachesGroup,SubGroup:N/A,Size:10,QueryTime:328
 INFO [2020-10-27 17:42:31,289][Thread-13] - CacheGroup:HealthState,SubGroup:OPPORTUNITYSCORECATEGORIES,Size:0,QueryTime:1
 INFO [2020-10-27 17:42:31,290][Thread-16] - CacheGroup:Supplier,SubGroup:N/A,Size:0,QueryTime:306,ProcessingTime:21
 INFO [2020-10-27 17:42:31,290][Thread-13] - CacheGroup:HealthState,SubGroup:ANALYTICAL_MODEL_REFERENCE_DATA,Size:0,QueryTime:1
 INFO [2020-10-27 17:42:31,291][Thread-13] - CacheGroup:HealthState,SubGroup:PERFORMANCE_MEASURES_REF_DATA,Size:0,QueryTime:0
 INFO [2020-10-27 17:42:31,291][Thread-19] - CacheGroup:ProviderExtract,SubGroup:N/A,Size:0,QueryTime:3,ProcessingTime:325
 INFO [2020-10-27 17:42:31,291][Thread-13] - CacheGroup:HealthState,SubGroup:CLINICAL_CONDITIONS_MAP,Size:0,QueryTime:0
 INFO [2020-10-27 17:42:31,293][Thread-17] - CacheGroup:Rule,SubGroup:N/A,Size:0,QueryTime:330
 INFO [2020-10-27 17:42:31,293][Thread-15] - CacheGroup:AccountPackage,SubGroup:Recommendations,Size:0,QueryTime:9
 INFO [2020-10-27 17:42:31,294][Thread-18] - CacheGroup:CARGroup,SubGroup:N/A,Size:0,QueryTime:333
 INFO [2020-10-27 17:42:31,294][Thread-15] - CacheGroup:AccountPackage,SubGroup:ProductCommunicationSetups,Size:0,QueryTime:1
 INFO [2020-10-27 17:42:31,295][Thread-15] - CacheGroup:AccountPackage,SubGroup:AccountPackages,Size:0,QueryTime:0
 INFO [2020-10-27 17:42:31,296][Thread-15] - CacheGroup:AccountPackage,SubGroup:PendingSupplierCommData,Size:0,QueryTime:1
 INFO [2020-10-27 17:42:31,296][Thread-15] - CacheGroup:AccountPackage,SubGroup:SUPPLIER_RECOMMENDATIONS,Size:0,QueryTime:13
 INFO [2020-10-27 17:42:31,298][Thread-15] - CacheGroup:AccountPackage,SubGroup:N/A,Size:2,QueryTime:337
 INFO [2020-10-27 17:42:31,299][Thread-13] - CacheGroup:HealthState,SubGroup:MemberHealthProfile,Size:0,QueryTime:7
 INFO [2020-10-27 17:42:31,300][Thread-13] - CacheGroup:HealthState,SubGroup:PREDICTIVE_MODEL_COMMANDS,Size:0,QueryTime:0
 INFO [2020-10-27 17:42:31,300][Thread-13] - CacheGroup:HealthState,SubGroup:AHI_MODEL_REFERENCE_DATA,Size:0,QueryTime:0
 INFO [2020-10-27 17:42:31,304][Thread-13] - CacheGroup:HealthState,SubGroup:N/A,Size:2,QueryTime:343
 INFO [2020-10-27 18:16:17,912][Thread-15] - CacheGroup:AccountPackage,SubGroup:COMMUNICATIONMESSAGES,Size:0,QueryTime:3
 INFO [2020-10-27 18:16:17,916][Thread-9] - CacheGroup:DrugAttribute,SubGroup:N/A,Size:0,QueryTime:0
 INFO [2020-10-27 18:16:17,919][Thread-15] - CacheGroup:AccountPackage,SubGroup:COMMUNICATIONMETHODS,Size:0,QueryTime:0
 INFO [2020-10-27 18:16:17,920][Thread-15] - CacheGroup:AccountPackage,SubGroup:MESSAGETEXT,Size:0,QueryTime:0
 INFO [2020-10-27 18:16:17,923][Thread-7] - CacheGroup:Drug,SubGroup:N/A,Size:0,QueryTime:2,ProcessingTime:10
 INFO [2020-10-27 18:16:17,924][Thread-15] - CacheGroup:AccountPackage,SubGroup:MEMBER_OPT_OUT_FFCENTER_INC,Size:2,QueryTime:4
 INFO [2020-10-27 18:16:17,925][Thread-3] - CacheGroup:Utilization,SubGroup:N/A,Size:0,QueryTime:5,ProcessingTime:9
 INFO [2020-10-27 18:16:17,927][Thread-4] - CacheGroup:Diagnostic,SubGroup:N/A,Size:0,QueryTime:2,ProcessingTime:10
 INFO [2020-10-27 18:16:17,929][Thread-12] - CacheGroup:ProviderSpeciality,SubGroup:N/A,Size:0,QueryTime:19
 INFO [2020-10-27 18:16:17,929][Thread-5] - CacheGroup:Lab,SubGroup:N/A,Size:0,QueryTime:4,ProcessingTime:6
 INFO [2020-10-27 18:16:17,930][Thread-8] - CacheGroup:Drg,SubGroup:N/A,Size:0,QueryTime:2,ProcessingTime:9
 INFO [2020-10-27 18:16:17,930][Thread-6] - CacheGroup:Procedure,SubGroup:N/A,Size:0,QueryTime:2,ProcessingTime:9
 INFO [2020-10-27 18:16:17,931][Thread-10] - CacheGroup:GCNSequence,SubGroup:N/A,Size:0,QueryTime:2,ProcessingTime:8
 INFO [2020-10-27 18:16:17,933][Thread-15] - CacheGroup:AccountPackage,SubGroup:MARKER_SUPPLIER_NOTIFCATION,Size:0,QueryTime:0
 INFO [2020-10-27 18:16:17,934][Thread-15] - CacheGroup:AccountPackage,SubGroup:DUP_DATA_FOR_SPECIFIED_ACCOUNT_IDS,Size:0,QueryTime:0
 INFO [2020-10-27 18:16:17,933][Thread-13] - CacheGroup:HealthState,SubGroup:FeedbackRefData,Size:2,QueryTime:14
 INFO [2020-10-27 18:16:17,935][Thread-15] - CacheGroup:AccountPackage,SubGroup:PIQ_ALERTS_ACCOUNT_IDS,Size:0,QueryTime:0
 INFO [2020-10-27 18:16:17,935][Thread-15] - CacheGroup:AccountPackage,SubGroup:PIQ_CDM_ACCOUNT_IDS,Size:0,QueryTime:0
 INFO [2020-10-27 18:16:17,936][Thread-15] - CacheGroup:AccountPackage,SubGroup:PATIENT_LEVEL_ALERTS_ACCOUNT_IDS,Size:0,QueryTime:1
 INFO [2020-10-27 18:16:17,936][Thread-15] - CacheGroup:AccountPackage,SubGroup:MHSAccountPackage,Size:0,QueryTime:0
 INFO [2020-10-27 18:16:18,259][Thread-15] - CacheGroup:AccountPackage,SubGroup:CPAccountPackage,Size:0,QueryTime:0
 INFO [2020-10-27 18:16:18,261][Thread-19] - CacheGroup:ProviderExtract,SubGroup:N/A,Size:0,QueryTime:6,ProcessingTime:342
 INFO [2020-10-27 18:16:18,265][Thread-13] - CacheGroup:HealthState,SubGroup:Recommendations,Size:0,QueryTime:3
 INFO [2020-10-27 18:16:18,265][Thread-16] - CacheGroup:Supplier,SubGroup:N/A,Size:0,QueryTime:11,ProcessingTime:341
 INFO [2020-10-27 18:16:18,267][Thread-13] - CacheGroup:HealthState,SubGroup:OPPORTUNITYSCORECATEGORIES,Size:0,QueryTime:1
 INFO [2020-10-27 18:16:18,269][Thread-20] - CacheGroup:MemberExtract,SubGroup:N/A,Size:0,QueryTime:6,ProcessingTime:351
 INFO [2020-10-27 18:16:18,270][Thread-13] - CacheGroup:HealthState,SubGroup:ANALYTICAL_MODEL_REFERENCE_DATA,Size:0,QueryTime:1
 INFO [2020-10-27 18:16:18,271][Thread-13] - CacheGroup:HealthState,SubGroup:PERFORMANCE_MEASURES_REF_DATA,Size:0,QueryTime:0
 INFO [2020-10-27 18:16:18,271][Thread-15] - CacheGroup:AccountPackage,SubGroup:Recommendations,Size:0,QueryTime:11
 INFO [2020-10-27 18:16:18,271][Thread-14] - CacheGroup:AdminCachesGroup,SubGroup:N/A,Size:10,QueryTime:362
 INFO [2020-10-27 18:16:18,272][Thread-13] - CacheGroup:HealthState,SubGroup:CLINICAL_CONDITIONS_MAP,Size:0,QueryTime:1
 INFO [2020-10-27 18:16:18,273][Thread-11] - CacheGroup:Provider,SubGroup:N/A,Size:1,QueryTime:349,ProcessingTime:13
 INFO [2020-10-27 18:16:18,273][Thread-15] - CacheGroup:AccountPackage,SubGroup:ProductCommunicationSetups,Size:0,QueryTime:2
 INFO [2020-10-27 18:16:18,274][Thread-15] - CacheGroup:AccountPackage,SubGroup:AccountPackages,Size:0,QueryTime:1
 INFO [2020-10-27 18:16:18,274][Thread-17] - CacheGroup:Rule,SubGroup:N/A,Size:0,QueryTime:361
 INFO [2020-10-27 18:16:18,276][Thread-18] - CacheGroup:CARGroup,SubGroup:N/A,Size:0,QueryTime:367
 INFO [2020-10-27 18:16:18,276][Thread-15] - CacheGroup:AccountPackage,SubGroup:PendingSupplierCommData,Size:0,QueryTime:2
 INFO [2020-10-27 18:16:18,276][Thread-15] - CacheGroup:AccountPackage,SubGroup:SUPPLIER_RECOMMENDATIONS,Size:0,QueryTime:340
 INFO [2020-10-27 18:16:18,279][Thread-15] - CacheGroup:AccountPackage,SubGroup:N/A,Size:2,QueryTime:370
 INFO [2020-10-27 18:16:18,282][Thread-13] - CacheGroup:HealthState,SubGroup:MemberHealthProfile,Size:0,QueryTime:10
 INFO [2020-10-27 18:16:18,283][Thread-13] - CacheGroup:HealthState,SubGroup:PREDICTIVE_MODEL_COMMANDS,Size:0,QueryTime:1
 INFO [2020-10-27 18:16:18,283][Thread-13] - CacheGroup:HealthState,SubGroup:AHI_MODEL_REFERENCE_DATA,Size:0,QueryTime:0
 INFO [2020-10-27 18:16:18,286][Thread-13] - CacheGroup:HealthState,SubGroup:N/A,Size:2,QueryTime:376
 INFO [2020-10-27 22:16:23,981][Thread-15] - CacheGroup:AccountPackage,SubGroup:COMMUNICATIONMESSAGES,Size:0,QueryTime:1
 INFO [2020-10-27 22:16:24,295][Thread-15] - CacheGroup:AccountPackage,SubGroup:COMMUNICATIONMETHODS,Size:0,QueryTime:248
 INFO [2020-10-27 22:16:24,295][Thread-15] - CacheGroup:AccountPackage,SubGroup:MESSAGETEXT,Size:0,QueryTime:0
 INFO [2020-10-27 22:16:24,298][Thread-15] - CacheGroup:AccountPackage,SubGroup:MEMBER_OPT_OUT_FFCENTER_INC,Size:2,QueryTime:1
 INFO [2020-10-27 22:16:24,298][Thread-9] - CacheGroup:DrugAttribute,SubGroup:N/A,Size:0,QueryTime:0
 INFO [2020-10-27 22:16:24,299][Thread-15] - CacheGroup:AccountPackage,SubGroup:MARKER_SUPPLIER_NOTIFCATION,Size:0,QueryTime:1
 INFO [2020-10-27 22:16:24,300][Thread-5] - CacheGroup:Lab,SubGroup:N/A,Size:0,QueryTime:2,ProcessingTime:317
 INFO [2020-10-27 22:16:24,301][Thread-7] - CacheGroup:Drug,SubGroup:N/A,Size:0,QueryTime:1,ProcessingTime:319
 INFO [2020-10-27 22:16:24,301][Thread-4] - CacheGroup:Diagnostic,SubGroup:N/A,Size:0,QueryTime:2,ProcessingTime:317
 INFO [2020-10-27 22:16:24,302][Thread-15] - CacheGroup:AccountPackage,SubGroup:DUP_DATA_FOR_SPECIFIED_ACCOUNT_IDS,Size:0,QueryTime:0
 INFO [2020-10-27 22:16:24,302][Thread-3] - CacheGroup:Utilization,SubGroup:N/A,Size:0,QueryTime:4,ProcessingTime:317
 INFO [2020-10-27 22:16:24,303][Thread-6] - CacheGroup:Procedure,SubGroup:N/A,Size:0,QueryTime:1,ProcessingTime:317
 INFO [2020-10-27 22:16:24,305][Thread-8] - CacheGroup:Drg,SubGroup:N/A,Size:0,QueryTime:2,ProcessingTime:317
 INFO [2020-10-27 22:16:24,306][Thread-15] - CacheGroup:AccountPackage,SubGroup:PIQ_ALERTS_ACCOUNT_IDS,Size:0,QueryTime:0
 INFO [2020-10-27 22:16:24,307][Thread-15] - CacheGroup:AccountPackage,SubGroup:PIQ_CDM_ACCOUNT_IDS,Size:0,QueryTime:1
 INFO [2020-10-27 22:16:24,307][Thread-12] - CacheGroup:ProviderSpeciality,SubGroup:N/A,Size:0,QueryTime:327
 INFO [2020-10-27 22:16:24,308][Thread-10] - CacheGroup:GCNSequence,SubGroup:N/A,Size:0,QueryTime:4,ProcessingTime:316
 INFO [2020-10-27 22:16:24,309][Thread-15] - CacheGroup:AccountPackage,SubGroup:PATIENT_LEVEL_ALERTS_ACCOUNT_IDS,Size:0,QueryTime:1
 INFO [2020-10-27 22:16:24,309][Thread-15] - CacheGroup:AccountPackage,SubGroup:MHSAccountPackage,Size:0,QueryTime:0
 INFO [2020-10-27 22:16:24,310][Thread-15] - CacheGroup:AccountPackage,SubGroup:CPAccountPackage,Size:0,QueryTime:0
 INFO [2020-10-27 22:16:24,311][Thread-13] - CacheGroup:HealthState,SubGroup:FeedbackRefData,Size:2,QueryTime:14
 INFO [2020-10-27 22:16:24,316][Thread-20] - CacheGroup:MemberExtract,SubGroup:N/A,Size:0,QueryTime:3,ProcessingTime:332
 INFO [2020-10-27 22:16:24,318][Thread-19] - CacheGroup:ProviderExtract,SubGroup:N/A,Size:0,QueryTime:313,ProcessingTime:23
 INFO [2020-10-27 22:16:24,319][Thread-11] - CacheGroup:Provider,SubGroup:N/A,Size:1,QueryTime:316,ProcessingTime:23
 INFO [2020-10-27 22:16:24,320][Thread-13] - CacheGroup:HealthState,SubGroup:Recommendations,Size:0,QueryTime:3
 INFO [2020-10-27 22:16:24,321][Thread-16] - CacheGroup:Supplier,SubGroup:N/A,Size:0,QueryTime:326,ProcessingTime:12
 INFO [2020-10-27 22:16:24,321][Thread-13] - CacheGroup:HealthState,SubGroup:OPPORTUNITYSCORECATEGORIES,Size:0,QueryTime:1
 INFO [2020-10-27 22:16:24,322][Thread-17] - CacheGroup:Rule,SubGroup:N/A,Size:0,QueryTime:340
 INFO [2020-10-27 22:16:24,322][Thread-13] - CacheGroup:HealthState,SubGroup:ANALYTICAL_MODEL_REFERENCE_DATA,Size:0,QueryTime:1
 INFO [2020-10-27 22:16:24,323][Thread-13] - CacheGroup:HealthState,SubGroup:PERFORMANCE_MEASURES_REF_DATA,Size:0,QueryTime:0
 INFO [2020-10-27 22:16:24,323][Thread-15] - CacheGroup:AccountPackage,SubGroup:Recommendations,Size:0,QueryTime:10
 INFO [2020-10-27 22:16:24,324][Thread-13] - CacheGroup:HealthState,SubGroup:CLINICAL_CONDITIONS_MAP,Size:0,QueryTime:1
 INFO [2020-10-27 22:16:24,324][Thread-14] - CacheGroup:AdminCachesGroup,SubGroup:N/A,Size:10,QueryTime:344
 INFO [2020-10-27 22:16:24,324][Thread-18] - CacheGroup:CARGroup,SubGroup:N/A,Size:0,QueryTime:344
 INFO [2020-10-27 22:16:24,325][Thread-15] - CacheGroup:AccountPackage,SubGroup:ProductCommunicationSetups,Size:0,QueryTime:2
 INFO [2020-10-27 22:16:24,325][Thread-15] - CacheGroup:AccountPackage,SubGroup:AccountPackages,Size:0,QueryTime:0
 INFO [2020-10-27 22:16:24,326][Thread-15] - CacheGroup:AccountPackage,SubGroup:PendingSupplierCommData,Size:0,QueryTime:1
 INFO [2020-10-27 22:16:24,326][Thread-15] - CacheGroup:AccountPackage,SubGroup:SUPPLIER_RECOMMENDATIONS,Size:0,QueryTime:17
 INFO [2020-10-27 22:16:24,328][Thread-15] - CacheGroup:AccountPackage,SubGroup:N/A,Size:2,QueryTime:348
 INFO [2020-10-27 22:16:24,330][Thread-13] - CacheGroup:HealthState,SubGroup:MemberHealthProfile,Size:0,QueryTime:6
 INFO [2020-10-27 22:16:24,330][Thread-13] - CacheGroup:HealthState,SubGroup:PREDICTIVE_MODEL_COMMANDS,Size:0,QueryTime:0
 INFO [2020-10-27 22:16:24,331][Thread-13] - CacheGroup:HealthState,SubGroup:AHI_MODEL_REFERENCE_DATA,Size:0,QueryTime:0
 INFO [2020-10-27 22:16:24,334][Thread-13] - CacheGroup:HealthState,SubGroup:N/A,Size:2,QueryTime:354
 INFO [2020-10-27 22:33:27,527][Thread-15] - CacheGroup:AccountPackage,SubGroup:COMMUNICATIONMESSAGES,Size:0,QueryTime:1
 INFO [2020-10-27 22:33:27,532][Thread-9] - CacheGroup:DrugAttribute,SubGroup:N/A,Size:0,QueryTime:0
 INFO [2020-10-27 22:33:27,532][Thread-15] - CacheGroup:AccountPackage,SubGroup:COMMUNICATIONMETHODS,Size:0,QueryTime:0
 INFO [2020-10-27 22:33:27,835][Thread-15] - CacheGroup:AccountPackage,SubGroup:MESSAGETEXT,Size:0,QueryTime:0
 INFO [2020-10-27 22:33:27,836][Thread-7] - CacheGroup:Drug,SubGroup:N/A,Size:0,QueryTime:2,ProcessingTime:308
 INFO [2020-10-27 22:33:27,836][Thread-3] - CacheGroup:Utilization,SubGroup:N/A,Size:0,QueryTime:4,ProcessingTime:307
 INFO [2020-10-27 22:33:27,838][Thread-15] - CacheGroup:AccountPackage,SubGroup:MEMBER_OPT_OUT_FFCENTER_INC,Size:2,QueryTime:3
 INFO [2020-10-27 22:33:27,838][Thread-8] - CacheGroup:Drg,SubGroup:N/A,Size:0,QueryTime:2,ProcessingTime:308
 INFO [2020-10-27 22:33:27,839][Thread-10] - CacheGroup:GCNSequence,SubGroup:N/A,Size:0,QueryTime:4,ProcessingTime:306
 INFO [2020-10-27 22:33:27,839][Thread-4] - CacheGroup:Diagnostic,SubGroup:N/A,Size:0,QueryTime:1,ProcessingTime:308
 INFO [2020-10-27 22:33:27,840][Thread-5] - CacheGroup:Lab,SubGroup:N/A,Size:0,QueryTime:3,ProcessingTime:306
 INFO [2020-10-27 22:33:27,840][Thread-12] - CacheGroup:ProviderSpeciality,SubGroup:N/A,Size:0,QueryTime:314
 INFO [2020-10-27 22:33:27,840][Thread-6] - CacheGroup:Procedure,SubGroup:N/A,Size:0,QueryTime:2,ProcessingTime:308
 INFO [2020-10-27 22:33:27,841][Thread-15] - CacheGroup:AccountPackage,SubGroup:MARKER_SUPPLIER_NOTIFCATION,Size:0,QueryTime:0
 INFO [2020-10-27 22:33:27,843][Thread-15] - CacheGroup:AccountPackage,SubGroup:DUP_DATA_FOR_SPECIFIED_ACCOUNT_IDS,Size:0,QueryTime:1
 INFO [2020-10-27 22:33:27,843][Thread-15] - CacheGroup:AccountPackage,SubGroup:PIQ_ALERTS_ACCOUNT_IDS,Size:0,QueryTime:0
 INFO [2020-10-27 22:33:27,844][Thread-15] - CacheGroup:AccountPackage,SubGroup:PIQ_CDM_ACCOUNT_IDS,Size:0,QueryTime:1
 INFO [2020-10-27 22:33:27,844][Thread-15] - CacheGroup:AccountPackage,SubGroup:PATIENT_LEVEL_ALERTS_ACCOUNT_IDS,Size:0,QueryTime:0
 INFO [2020-10-27 22:33:27,846][Thread-15] - CacheGroup:AccountPackage,SubGroup:MHSAccountPackage,Size:0,QueryTime:2
 INFO [2020-10-27 22:33:27,847][Thread-15] - CacheGroup:AccountPackage,SubGroup:CPAccountPackage,Size:0,QueryTime:0
 INFO [2020-10-27 22:33:27,848][Thread-13] - CacheGroup:HealthState,SubGroup:FeedbackRefData,Size:2,QueryTime:11
 INFO [2020-10-27 22:33:27,851][Thread-11] - CacheGroup:Provider,SubGroup:N/A,Size:1,QueryTime:309,ProcessingTime:15
 INFO [2020-10-27 22:33:27,853][Thread-16] - CacheGroup:Supplier,SubGroup:N/A,Size:0,QueryTime:316,ProcessingTime:11
 INFO [2020-10-27 22:33:27,854][Thread-19] - CacheGroup:ProviderExtract,SubGroup:N/A,Size:0,QueryTime:3,ProcessingTime:323
 INFO [2020-10-27 22:33:27,856][Thread-20] - CacheGroup:MemberExtract,SubGroup:N/A,Size:0,QueryTime:3,ProcessingTime:325
 INFO [2020-10-27 22:33:27,857][Thread-17] - CacheGroup:Rule,SubGroup:N/A,Size:0,QueryTime:329
 INFO [2020-10-27 22:33:27,858][Thread-15] - CacheGroup:AccountPackage,SubGroup:Recommendations,Size:0,QueryTime:11
 INFO [2020-10-27 22:33:27,859][Thread-14] - CacheGroup:AdminCachesGroup,SubGroup:N/A,Size:10,QueryTime:333
 INFO [2020-10-27 22:33:27,859][Thread-13] - CacheGroup:HealthState,SubGroup:Recommendations,Size:0,QueryTime:2
 INFO [2020-10-27 22:33:27,860][Thread-15] - CacheGroup:AccountPackage,SubGroup:ProductCommunicationSetups,Size:0,QueryTime:2
 INFO [2020-10-27 22:33:27,860][Thread-15] - CacheGroup:AccountPackage,SubGroup:AccountPackages,Size:0,QueryTime:0
 INFO [2020-10-27 22:33:27,860][Thread-13] - CacheGroup:HealthState,SubGroup:OPPORTUNITYSCORECATEGORIES,Size:0,QueryTime:0
 INFO [2020-10-27 22:33:27,861][Thread-18] - CacheGroup:CARGroup,SubGroup:N/A,Size:0,QueryTime:336
 INFO [2020-10-27 22:33:27,861][Thread-15] - CacheGroup:AccountPackage,SubGroup:PendingSupplierCommData,Size:0,QueryTime:1
 INFO [2020-10-27 22:33:27,861][Thread-15] - CacheGroup:AccountPackage,SubGroup:SUPPLIER_RECOMMENDATIONS,Size:0,QueryTime:17
 INFO [2020-10-27 22:33:27,862][Thread-13] - CacheGroup:HealthState,SubGroup:ANALYTICAL_MODEL_REFERENCE_DATA,Size:0,QueryTime:1
 INFO [2020-10-27 22:33:27,862][Thread-13] - CacheGroup:HealthState,SubGroup:PERFORMANCE_MEASURES_REF_DATA,Size:0,QueryTime:0
 INFO [2020-10-27 22:33:27,863][Thread-13] - CacheGroup:HealthState,SubGroup:CLINICAL_CONDITIONS_MAP,Size:0,QueryTime:0
 INFO [2020-10-27 22:33:27,863][Thread-15] - CacheGroup:AccountPackage,SubGroup:N/A,Size:2,QueryTime:337
 INFO [2020-10-27 22:33:27,868][Thread-13] - CacheGroup:HealthState,SubGroup:MemberHealthProfile,Size:0,QueryTime:5
 INFO [2020-10-27 22:33:27,869][Thread-13] - CacheGroup:HealthState,SubGroup:PREDICTIVE_MODEL_COMMANDS,Size:0,QueryTime:1
 INFO [2020-10-27 22:33:27,869][Thread-13] - CacheGroup:HealthState,SubGroup:AHI_MODEL_REFERENCE_DATA,Size:0,QueryTime:0
 INFO [2020-10-27 22:33:27,873][Thread-13] - CacheGroup:HealthState,SubGroup:N/A,Size:2,QueryTime:347
 INFO [2020-10-28 00:52:11,047][Thread-15] - CacheGroup:AccountPackage,SubGroup:COMMUNICATIONMESSAGES,Size:0,QueryTime:2
 INFO [2020-10-28 00:52:11,050][Thread-9] - CacheGroup:DrugAttribute,SubGroup:N/A,Size:0,QueryTime:0
 INFO [2020-10-28 00:52:11,051][Thread-15] - CacheGroup:AccountPackage,SubGroup:COMMUNICATIONMETHODS,Size:0,QueryTime:1
 INFO [2020-10-28 00:52:11,121][Thread-10] - CacheGroup:GCNSequence,SubGroup:N/A,Size:0,QueryTime:1,ProcessingTime:73
 INFO [2020-10-28 00:52:11,121][Thread-15] - CacheGroup:AccountPackage,SubGroup:MESSAGETEXT,Size:0,QueryTime:0
 INFO [2020-10-28 00:52:11,122][Thread-7] - CacheGroup:Drug,SubGroup:N/A,Size:0,QueryTime:2,ProcessingTime:73
 INFO [2020-10-28 00:52:11,122][Thread-5] - CacheGroup:Lab,SubGroup:N/A,Size:0,QueryTime:4,ProcessingTime:71
 INFO [2020-10-28 00:52:11,122][Thread-8] - CacheGroup:Drg,SubGroup:N/A,Size:0,QueryTime:2,ProcessingTime:73
 INFO [2020-10-28 00:52:11,122][Thread-4] - CacheGroup:Diagnostic,SubGroup:N/A,Size:0,QueryTime:2,ProcessingTime:72
 INFO [2020-10-28 00:52:11,122][Thread-3] - CacheGroup:Utilization,SubGroup:N/A,Size:0,QueryTime:4,ProcessingTime:71
 INFO [2020-10-28 00:52:11,122][Thread-6] - CacheGroup:Procedure,SubGroup:N/A,Size:0,QueryTime:2,ProcessingTime:72
 INFO [2020-10-28 00:52:11,123][Thread-15] - CacheGroup:AccountPackage,SubGroup:MEMBER_OPT_OUT_FFCENTER_INC,Size:2,QueryTime:2
 INFO [2020-10-28 00:52:11,124][Thread-12] - CacheGroup:ProviderSpeciality,SubGroup:N/A,Size:0,QueryTime:78
 INFO [2020-10-28 00:52:11,124][Thread-15] - CacheGroup:AccountPackage,SubGroup:MARKER_SUPPLIER_NOTIFCATION,Size:0,QueryTime:1
 INFO [2020-10-28 00:52:11,125][Thread-15] - CacheGroup:AccountPackage,SubGroup:DUP_DATA_FOR_SPECIFIED_ACCOUNT_IDS,Size:0,QueryTime:1
 INFO [2020-10-28 00:52:11,126][Thread-15] - CacheGroup:AccountPackage,SubGroup:PIQ_ALERTS_ACCOUNT_IDS,Size:0,QueryTime:1
 INFO [2020-10-28 00:52:11,126][Thread-15] - CacheGroup:AccountPackage,SubGroup:PIQ_CDM_ACCOUNT_IDS,Size:0,QueryTime:0
 INFO [2020-10-28 00:52:11,126][Thread-15] - CacheGroup:AccountPackage,SubGroup:PATIENT_LEVEL_ALERTS_ACCOUNT_IDS,Size:0,QueryTime:0
 INFO [2020-10-28 00:52:11,127][Thread-15] - CacheGroup:AccountPackage,SubGroup:MHSAccountPackage,Size:0,QueryTime:0
 INFO [2020-10-28 00:52:11,128][Thread-15] - CacheGroup:AccountPackage,SubGroup:CPAccountPackage,Size:0,QueryTime:0
 INFO [2020-10-28 00:52:11,129][Thread-13] - CacheGroup:HealthState,SubGroup:FeedbackRefData,Size:2,QueryTime:77
 INFO [2020-10-28 00:52:11,758][Thread-16] - CacheGroup:Supplier,SubGroup:N/A,Size:0,QueryTime:77,ProcessingTime:636
 INFO [2020-10-28 00:52:11,765][Thread-13] - CacheGroup:HealthState,SubGroup:Recommendations,Size:0,QueryTime:633
 INFO [2020-10-28 00:52:11,766][Thread-13] - CacheGroup:HealthState,SubGroup:OPPORTUNITYSCORECATEGORIES,Size:0,QueryTime:0
 INFO [2020-10-28 00:52:11,766][Thread-15] - CacheGroup:AccountPackage,SubGroup:Recommendations,Size:0,QueryTime:638
 INFO [2020-10-28 00:52:11,768][Thread-13] - CacheGroup:HealthState,SubGroup:ANALYTICAL_MODEL_REFERENCE_DATA,Size:0,QueryTime:1
 INFO [2020-10-28 00:52:11,768][Thread-14] - CacheGroup:AdminCachesGroup,SubGroup:N/A,Size:10,QueryTime:723
 INFO [2020-10-28 00:52:11,770][Thread-13] - CacheGroup:HealthState,SubGroup:PERFORMANCE_MEASURES_REF_DATA,Size:0,QueryTime:1
 INFO [2020-10-28 00:52:11,770][Thread-15] - CacheGroup:AccountPackage,SubGroup:ProductCommunicationSetups,Size:0,QueryTime:2
 INFO [2020-10-28 00:52:11,771][Thread-15] - CacheGroup:AccountPackage,SubGroup:AccountPackages,Size:0,QueryTime:1
 INFO [2020-10-28 00:52:11,771][Thread-20] - CacheGroup:MemberExtract,SubGroup:N/A,Size:0,QueryTime:3,ProcessingTime:720
 INFO [2020-10-28 00:52:11,771][Thread-13] - CacheGroup:HealthState,SubGroup:CLINICAL_CONDITIONS_MAP,Size:0,QueryTime:0
 INFO [2020-10-28 00:52:11,773][Thread-19] - CacheGroup:ProviderExtract,SubGroup:N/A,Size:0,QueryTime:4,ProcessingTime:724
 INFO [2020-10-28 00:52:11,774][Thread-15] - CacheGroup:AccountPackage,SubGroup:PendingSupplierCommData,Size:0,QueryTime:2
 INFO [2020-10-28 00:52:11,774][Thread-15] - CacheGroup:AccountPackage,SubGroup:SUPPLIER_RECOMMENDATIONS,Size:0,QueryTime:647
 INFO [2020-10-28 00:52:11,775][Thread-17] - CacheGroup:Rule,SubGroup:N/A,Size:0,QueryTime:727
 INFO [2020-10-28 00:52:11,778][Thread-11] - CacheGroup:Provider,SubGroup:N/A,Size:1,QueryTime:713,ProcessingTime:19
 INFO [2020-10-28 00:52:11,779][Thread-15] - CacheGroup:AccountPackage,SubGroup:N/A,Size:2,QueryTime:734
 INFO [2020-10-28 00:52:11,779][Thread-18] - CacheGroup:CARGroup,SubGroup:N/A,Size:0,QueryTime:734
 INFO [2020-10-28 00:52:11,783][Thread-13] - CacheGroup:HealthState,SubGroup:MemberHealthProfile,Size:0,QueryTime:10
 INFO [2020-10-28 00:52:11,785][Thread-13] - CacheGroup:HealthState,SubGroup:PREDICTIVE_MODEL_COMMANDS,Size:0,QueryTime:0
 INFO [2020-10-28 00:52:11,785][Thread-13] - CacheGroup:HealthState,SubGroup:AHI_MODEL_REFERENCE_DATA,Size:0,QueryTime:0
 INFO [2020-10-28 00:52:11,788][Thread-13] - CacheGroup:HealthState,SubGroup:N/A,Size:2,QueryTime:742
