CLASSPATH:../conf:../lib/*
JAVA_HOME : 
Java HotSpot(TM) 64-Bit Server VM warning: Ignoring option UseConcMarkSweepGC; support was removed in 14.0
log4j: Parsing for [root] with value=[INFO,R,stdout].
log4j: Level token is [INFO].
log4j: Category root set to INFO
log4j: Parsing appender named "R".
log4j: Parsing layout options for "R".
log4j: Setting property [conversionPattern] to [%5p [%d][%t] - %m%n].
log4j: End of parsing for "R".
log4j: Setting property [file] to [../logs/cecachesvr.log].
log4j: Setting property [maxBackupIndex] to [10].
log4j: Setting property [threshold] to [INFO].
log4j: Setting property [maxFileSize] to [200000KB].
log4j: setFile called: ../logs/cecachesvr.log, true
log4j: setFile ended
log4j: Parsed "R" options.
log4j: Parsing appender named "stdout".
log4j: Parsing layout options for "stdout".
log4j: Setting property [conversionPattern] to [%5p [%d] - %m%n].
log4j: End of parsing for "stdout".
log4j: Parsed "stdout" options.
log4j: Parsing for [org.springframework] with value=[WARN,R].
log4j: Level token is [WARN].
log4j: Category org.springframework set to WARN
log4j: Parsing appender named "R".
log4j: Appender "R" was already parsed.
log4j: Handling log4j.additivity.org.springframework=[null]
log4j: Parsing for [performance] with value=[INFO,CE_PERF].
log4j: Level token is [INFO].
log4j: Category performance set to INFO
log4j: Parsing appender named "CE_PERF".
log4j: Parsing layout options for "CE_PERF".
log4j: Setting property [conversionPattern] to [%5p [%d][%t] - %m%n].
log4j: End of parsing for "CE_PERF".
log4j: Setting property [maxFileSize] to [100MB].
log4j: Setting property [maxBackupIndex] to [10].
log4j: Setting property [file] to [../logs/cacheserver_perf.log].
log4j: setFile called: ../logs/cacheserver_perf.log, true
log4j: setFile ended
log4j: Parsed "CE_PERF" options.
log4j: Handling log4j.additivity.performance=[null]
log4j: Parsing for [com.opensymphony] with value=[WARN,R].
log4j: Level token is [WARN].
log4j: Category com.opensymphony set to WARN
log4j: Parsing appender named "R".
log4j: Appender "R" was already parsed.
log4j: Handling log4j.additivity.com.opensymphony=[null]
log4j: Finished configuring.
 INFO [2020-10-27 22:33:08,208] - *******************************************************************
 INFO [2020-10-27 22:33:08,208] - * Loaded CECacheServer Configuration properties:
 INFO [2020-10-27 22:33:08,208] - *******************************************************************
 INFO [2020-10-27 22:33:08,208] - RMI_PORT              = 12400
 INFO [2020-10-27 22:33:08,208] - DB_DRIVER_CLASSNAME   = org.postgresql.Driver
 INFO [2020-10-27 22:33:08,208] - DB_CONNECTION_STRING  = jdbc:postgresql://localhost:5432/testdatabase
 INFO [2020-10-27 22:33:08,208] - DB_USER               = postgres
 INFO [2020-10-27 22:33:08,208] - DB_PWD                = ***************
 INFO [2020-10-27 22:33:08,208] - DB_CONN_POOL_SIZE     = 50
 INFO [2020-10-27 22:33:08,208] - SQL_SUFFIX            = _120
 INFO [2020-10-27 22:33:08,209] - CACHE_PEER_LISTENER   = hostname=localhost, port=12405, socketTimeoutMillis=120000
 INFO [2020-10-27 22:33:08,209] - CONFIGURABLE_TABLE_LIST   = derivedfact,memberhealthstate
 INFO [2020-10-27 22:33:08,209] - CACHE_PEER_PROVIDER_1 = azbuvdv1ceapp13.activehealth.loc:12415/Diagnostic,Drug,Drg,DrugAttribute,GCNSequence,Lab,Procedure,Provider,Utilization,ProviderExtract,MemberExtract,AdminCachesGroup,Supplier
 INFO [2020-10-27 22:33:08,209] - CACHE_PEER_PROVIDER_2 = azbuvdv1ceapp14.activehealth.loc:12415/Diagnostic,Drug,Drg,DrugAttribute,GCNSequence,Lab,Procedure,Provider,Utilization,ProviderExtract,MemberExtract,AdminCachesGroup,Supplier
 INFO [2020-10-27 22:33:08,209] - CACHE_PEER_PROVIDER_3 = azbuvdv1ceapp10.activehealth.loc:12415/Diagnostic,Drug,Drg,DrugAttribute,GCNSequence,Lab,Procedure,Provider,Utilization,ProviderExtract,MemberExtract,AdminCachesGroup,Supplier
 INFO [2020-10-27 22:33:08,209] - CACHE_PEER_PROVIDER_4 = azbuvdv1ceapp15.activehealth.loc:12435/AdminCachesGroup,AccountPackage,HealthState,Rule,Supplier,ProviderSpeciality,ProviderExtract,MemberExtract
 INFO [2020-10-27 22:33:08,209] - CACHE_PEER_PROVIDER_5 = azbuvdv1ceapp16.activehealth.loc:12435/AdminCachesGroup,AccountPackage,HealthState,Rule,Supplier,ProviderSpeciality,ProviderExtract,MemberExtract
 INFO [2020-10-27 22:33:08,209] - CACHE_PEER_PROVIDER_6 = azbuvdv1ceapp09.activehealth.loc:12435/AdminCachesGroup,AccountPackage,HealthState,Rule,Supplier,ProviderSpeciality,ProviderExtract,MemberExtract
 INFO [2020-10-27 22:33:08,209] - CACHE_PEER_PROVIDER_7 = azbuvdv1ceapp08.activehealth.loc:12435/AdminCachesGroup,AccountPackage,HealthState,Rule,Supplier,ProviderSpeciality,ProviderExtract,MemberExtract
 INFO [2020-10-27 22:33:08,209] - CACHE_PEER_PROVIDER_8 = azbuvdv1ceapp17.activehealth.loc:12445/AdminCachesGroup,AccountPackage,HealthState,Rule,Supplier
 INFO [2020-10-27 22:33:08,209] - CACHE_PEER_PROVIDER_9 = azbuvdv1ceapp17.activehealth.loc:12455/Provider,Utilization,Diagnostic,Drug,Drg,Lab,Procedure,DrugAttribute,GCNSequence,ProviderSpeciality,ProviderExtract,MemberExtract,AdminCachesGroup,Supplier,AccountPackage,HealthState,Rule
 INFO [2020-10-27 22:33:08,209] - CACHE_PEER_PROVIDER_10 = 
 INFO [2020-10-27 22:33:08,209] - CACHE_PEER_PROVIDER_11 = 
 INFO [2020-10-27 22:33:08,209] - CACHE_PEER_PROVIDER_12 = 
 INFO [2020-10-27 22:33:08,210] - CACHE_PEER_PROVIDER_13 = 
 INFO [2020-10-27 22:33:08,210] - CACHE_PEER_PROVIDER_14 = 
 INFO [2020-10-27 22:33:08,210] - CACHE_PEER_PROVIDER_15 = 
 INFO [2020-10-27 22:33:08,210] - CACHE_PEER_PROVIDER_16 = 
 INFO [2020-10-27 22:33:08,210] - CACHE_PEER_PROVIDER_17 = 
 INFO [2020-10-27 22:33:08,210] - CACHE_PEER_PROVIDER_18 = 
 INFO [2020-10-27 22:33:08,210] - CACHE_PEER_PROVIDER_19 = 
 INFO [2020-10-27 22:33:08,210] - CACHE_PEER_PROVIDER_20 = 
 INFO [2020-10-27 22:33:08,210] - CACHE_PEER_PROVIDER_21 = 
 INFO [2020-10-27 22:33:08,210] - CACHE_PEER_PROVIDER_22 = 
 INFO [2020-10-27 22:33:08,210] - CACHE_PEER_PROVIDER_23 = 
 INFO [2020-10-27 22:33:08,210] - CACHE_PEER_PROVIDER_24 = 
 INFO [2020-10-27 22:33:08,210] - CACHE_PEER_PROVIDER_25 = 
 INFO [2020-10-27 22:33:08,210] - CACHE_PEER_PROVIDER_26 = 
 INFO [2020-10-27 22:33:08,210] - CACHE_PEER_PROVIDER_27 = 
 INFO [2020-10-27 22:33:08,210] - CACHE_PEER_PROVIDER_28 = 
 INFO [2020-10-27 22:33:08,210] - CACHE_PEER_PROVIDER_29 = 
 INFO [2020-10-27 22:33:08,210] - CACHE_PEER_PROVIDER_30 = 
 INFO [2020-10-27 22:33:08,211] - *******************************************************************
 INFO [2020-10-27 22:33:08,211] - Starting loadConfigurableTableList
 INFO [2020-10-27 22:33:08,211] - CONFIGURABLE_TABLE_LIST: [derivedfact, memberhealthstate]
 INFO [2020-10-27 22:33:08,211] - Completed loadConfigurableTableList
WARNING: An illegal reflective access operation has occurred
WARNING: Illegal reflective access by org.bouncycastle.jcajce.provider.drbg.DRBG (file:/Users/N133325/Desktop/CacheServer_experiments/01_Postgres_Local/deploy/lib/bcprov-jdk15on-1.60.jar) to constructor sun.security.provider.Sun()
WARNING: Please consider reporting this to the maintainers of org.bouncycastle.jcajce.provider.drbg.DRBG
WARNING: Use --illegal-access=warn to enable warnings of further illegal reflective access operations
WARNING: All illegal access operations will be denied in a future release
 INFO [2020-10-27 22:33:09,094] - Building Cache URLs...
 INFO [2020-10-27 22:33:09,094] - Chosen Provider - CACHE_PEER_PROVIDER
 INFO [2020-10-27 22:33:09,094] - Chosen Listener - CACHE_PEER_LISTENER
 INFO [2020-10-27 22:33:09,095] - Checking configured CACHE_PEER_PROVIDERs:
 INFO [2020-10-27 22:33:09,096] - * Cache Replication listening status for [azbuvdv1ceapp13.activehealth.loc:12415] - Down
 INFO [2020-10-27 22:33:09,097] - * Cache Replication listening status for [azbuvdv1ceapp14.activehealth.loc:12415] - Down
 INFO [2020-10-27 22:33:09,098] - * Cache Replication listening status for [azbuvdv1ceapp10.activehealth.loc:12415] - Down
 INFO [2020-10-27 22:33:09,099] - * Cache Replication listening status for [azbuvdv1ceapp15.activehealth.loc:12435] - Down
 INFO [2020-10-27 22:33:09,100] - * Cache Replication listening status for [azbuvdv1ceapp16.activehealth.loc:12435] - Down
 INFO [2020-10-27 22:33:09,101] - * Cache Replication listening status for [azbuvdv1ceapp09.activehealth.loc:12435] - Down
 INFO [2020-10-27 22:33:09,102] - * Cache Replication listening status for [azbuvdv1ceapp08.activehealth.loc:12435] - Down
 INFO [2020-10-27 22:33:09,103] - * Cache Replication listening status for [azbuvdv1ceapp17.activehealth.loc:12445] - Down
 INFO [2020-10-27 22:33:09,103] - * Cache Replication listening status for [azbuvdv1ceapp17.activehealth.loc:12455] - Down
 INFO [2020-10-27 22:33:09,103] - CACHE_PEER_PROVIDER    = peerDiscovery=manual, rmiUrls=//azbuvdv1ceapp13.activehealth.loc:12415/Diagnostic|//azbuvdv1ceapp13.activehealth.loc:12415/Drug|//azbuvdv1ceapp13.activehealth.loc:12415/Drg|//azbuvdv1ceapp13.activehealth.loc:12415/DrugAttribute|//azbuvdv1ceapp13.activehealth.loc:12415/GCNSequence|//azbuvdv1ceapp13.activehealth.loc:12415/Lab|//azbuvdv1ceapp13.activehealth.loc:12415/Procedure|//azbuvdv1ceapp13.activehealth.loc:12415/Provider|//azbuvdv1ceapp13.activehealth.loc:12415/Utilization|//azbuvdv1ceapp13.activehealth.loc:12415/ProviderExtract|//azbuvdv1ceapp13.activehealth.loc:12415/MemberExtract|//azbuvdv1ceapp13.activehealth.loc:12415/AdminCachesGroup|//azbuvdv1ceapp13.activehealth.loc:12415/Supplier|//azbuvdv1ceapp14.activehealth.loc:12415/Diagnostic|//azbuvdv1ceapp14.activehealth.loc:12415/Drug|//azbuvdv1ceapp14.activehealth.loc:12415/Drg|//azbuvdv1ceapp14.activehealth.loc:12415/DrugAttribute|//azbuvdv1ceapp14.activehealth.loc:12415/GCNSequence|//azbuvdv1ceapp14.activehealth.loc:12415/Lab|//azbuvdv1ceapp14.activehealth.loc:12415/Procedure|//azbuvdv1ceapp14.activehealth.loc:12415/Provider|//azbuvdv1ceapp14.activehealth.loc:12415/Utilization|//azbuvdv1ceapp14.activehealth.loc:12415/ProviderExtract|//azbuvdv1ceapp14.activehealth.loc:12415/MemberExtract|//azbuvdv1ceapp14.activehealth.loc:12415/AdminCachesGroup|//azbuvdv1ceapp14.activehealth.loc:12415/Supplier|//azbuvdv1ceapp10.activehealth.loc:12415/Diagnostic|//azbuvdv1ceapp10.activehealth.loc:12415/Drug|//azbuvdv1ceapp10.activehealth.loc:12415/Drg|//azbuvdv1ceapp10.activehealth.loc:12415/DrugAttribute|//azbuvdv1ceapp10.activehealth.loc:12415/GCNSequence|//azbuvdv1ceapp10.activehealth.loc:12415/Lab|//azbuvdv1ceapp10.activehealth.loc:12415/Procedure|//azbuvdv1ceapp10.activehealth.loc:12415/Provider|//azbuvdv1ceapp10.activehealth.loc:12415/Utilization|//azbuvdv1ceapp10.activehealth.loc:12415/ProviderExtract|//azbuvdv1ceapp10.activehealth.loc:12415/MemberExtract|//azbuvdv1ceapp10.activehealth.loc:12415/AdminCachesGroup|//azbuvdv1ceapp10.activehealth.loc:12415/Supplier|//azbuvdv1ceapp15.activehealth.loc:12435/AdminCachesGroup|//azbuvdv1ceapp15.activehealth.loc:12435/AccountPackage|//azbuvdv1ceapp15.activehealth.loc:12435/HealthState|//azbuvdv1ceapp15.activehealth.loc:12435/Rule|//azbuvdv1ceapp15.activehealth.loc:12435/Supplier|//azbuvdv1ceapp15.activehealth.loc:12435/ProviderSpeciality|//azbuvdv1ceapp15.activehealth.loc:12435/ProviderExtract|//azbuvdv1ceapp15.activehealth.loc:12435/MemberExtract|//azbuvdv1ceapp16.activehealth.loc:12435/AdminCachesGroup|//azbuvdv1ceapp16.activehealth.loc:12435/AccountPackage|//azbuvdv1ceapp16.activehealth.loc:12435/HealthState|//azbuvdv1ceapp16.activehealth.loc:12435/Rule|//azbuvdv1ceapp16.activehealth.loc:12435/Supplier|//azbuvdv1ceapp16.activehealth.loc:12435/ProviderSpeciality|//azbuvdv1ceapp16.activehealth.loc:12435/ProviderExtract|//azbuvdv1ceapp16.activehealth.loc:12435/MemberExtract|//azbuvdv1ceapp09.activehealth.loc:12435/AdminCachesGroup|//azbuvdv1ceapp09.activehealth.loc:12435/AccountPackage|//azbuvdv1ceapp09.activehealth.loc:12435/HealthState|//azbuvdv1ceapp09.activehealth.loc:12435/Rule|//azbuvdv1ceapp09.activehealth.loc:12435/Supplier|//azbuvdv1ceapp09.activehealth.loc:12435/ProviderSpeciality|//azbuvdv1ceapp09.activehealth.loc:12435/ProviderExtract|//azbuvdv1ceapp09.activehealth.loc:12435/MemberExtract|//azbuvdv1ceapp08.activehealth.loc:12435/AdminCachesGroup|//azbuvdv1ceapp08.activehealth.loc:12435/AccountPackage|//azbuvdv1ceapp08.activehealth.loc:12435/HealthState|//azbuvdv1ceapp08.activehealth.loc:12435/Rule|//azbuvdv1ceapp08.activehealth.loc:12435/Supplier|//azbuvdv1ceapp08.activehealth.loc:12435/ProviderSpeciality|//azbuvdv1ceapp08.activehealth.loc:12435/ProviderExtract|//azbuvdv1ceapp08.activehealth.loc:12435/MemberExtract|//azbuvdv1ceapp17.activehealth.loc:12445/AdminCachesGroup|//azbuvdv1ceapp17.activehealth.loc:12445/AccountPackage|//azbuvdv1ceapp17.activehealth.loc:12445/HealthState|//azbuvdv1ceapp17.activehealth.loc:12445/Rule|//azbuvdv1ceapp17.activehealth.loc:12445/Supplier|//azbuvdv1ceapp17.activehealth.loc:12455/Provider|//azbuvdv1ceapp17.activehealth.loc:12455/Utilization|//azbuvdv1ceapp17.activehealth.loc:12455/Diagnostic|//azbuvdv1ceapp17.activehealth.loc:12455/Drug|//azbuvdv1ceapp17.activehealth.loc:12455/Drg|//azbuvdv1ceapp17.activehealth.loc:12455/Lab|//azbuvdv1ceapp17.activehealth.loc:12455/Procedure|//azbuvdv1ceapp17.activehealth.loc:12455/DrugAttribute|//azbuvdv1ceapp17.activehealth.loc:12455/GCNSequence|//azbuvdv1ceapp17.activehealth.loc:12455/ProviderSpeciality|//azbuvdv1ceapp17.activehealth.loc:12455/ProviderExtract|//azbuvdv1ceapp17.activehealth.loc:12455/MemberExtract|//azbuvdv1ceapp17.activehealth.loc:12455/AdminCachesGroup|//azbuvdv1ceapp17.activehealth.loc:12455/Supplier|//azbuvdv1ceapp17.activehealth.loc:12455/AccountPackage|//azbuvdv1ceapp17.activehealth.loc:12455/HealthState|//azbuvdv1ceapp17.activehealth.loc:12455/Rule
 INFO [2020-10-27 22:33:09,103] - CACHE_PEER_LISTENER    = hostname=localhost, port=12405, socketTimeoutMillis=120000
 INFO [2020-10-27 22:33:09,103] - Cache_Used_ByThis_App  = [Drug, ProviderExtract, Diagnostic, DrugAttribute, MemberExtract, Lab, ProviderSpeciality, Provider, AdminCachesGroup, AccountPackage, Utilization, Drg, GCNSequence, Procedure, Supplier, Rule, HealthState]
 INFO [2020-10-27 22:33:09,163] - Using regular expression provided through VM argument net.sf.ehcache.pool.sizeof.ignore.pattern for IgnoreSizeOf annotation : ^.*cache\..*IgnoreSizeOf$
 INFO [2020-10-27 22:33:09,173] - Detected JVM data model settings of: 64-Bit HotSpot JVM with Compressed OOPs
 INFO [2020-10-27 22:33:09,198] - Failed to attach to VM and load the agent: class java.lang.reflect.InvocationTargetException: null
 INFO [2020-10-27 22:33:09,200] - using Unsafe sizeof engine
 INFO [2020-10-27 22:33:27,463] - Start Loading Server Cache...
 INFO [2020-10-27 22:33:27,463] - Cache loading is set to - true
 INFO [2020-10-27 22:33:27,524] - Loading cache: Utilization
 INFO [2020-10-27 22:33:27,525] - Loading cache: Supplier
 INFO [2020-10-27 22:33:27,525] - Loading cache: AccountPackage
 INFO [2020-10-27 22:33:27,525] - Loading cache group: AdminCachesGroup
 INFO [2020-10-27 22:33:27,525] - Loading cache: HealthState
 INFO [2020-10-27 22:33:27,525] - Loading cache: ProviderSpeciality
 INFO [2020-10-27 22:33:27,525] - Loading cache: Provider
 INFO [2020-10-27 22:33:27,525] - Loading cache: GCNSequence
 INFO [2020-10-27 22:33:27,525] - Loading cache: DrugAttribute
 INFO [2020-10-27 22:33:27,525] - Loading cache: Drg
 INFO [2020-10-27 22:33:27,525] - Loading cache: Drug
 INFO [2020-10-27 22:33:27,524] - Loading cache: Procedure
 INFO [2020-10-27 22:33:27,524] - Loading cache: Diagnostic
 INFO [2020-10-27 22:33:27,524] - Loading cache: Lab
 INFO [2020-10-27 22:33:27,527] - Startup Cache Loading - true
 INFO [2020-10-27 22:33:27,526] - Startup Cache Loading - true
 INFO [2020-10-27 22:33:27,526] - Startup Cache Loading - true
 INFO [2020-10-27 22:33:27,526] - Startup Cache Loading - true
 INFO [2020-10-27 22:33:27,526] - Startup Cache Loading - true
 INFO [2020-10-27 22:33:27,526] - Startup Cache Loading - true
 INFO [2020-10-27 22:33:27,526] - Loading Specialty Cache: ALL_SPECIALTY_GROUPS
 INFO [2020-10-27 22:33:27,526] - Loading cache: MemberExtract
 INFO [2020-10-27 22:33:27,526] - Loading cache: ProviderExtract
 INFO [2020-10-27 22:33:27,526] - Loading cache: CARGroup
 INFO [2020-10-27 22:33:27,525] - Loading cache: Rule
 INFO [2020-10-27 22:33:27,525] - Startup Cache Loading - true
 INFO [2020-10-27 22:33:27,527] - Exception occurred. Default value true for key FAIL_ON_REFRESH will be used going forward.
 INFO [2020-10-27 22:33:27,527] - CacheGroup:AccountPackage,SubGroup:COMMUNICATIONMESSAGES,Size:0,QueryTime:1
 INFO [2020-10-27 22:33:27,527] - Startup Cache Loading - true
 INFO [2020-10-27 22:33:27,527] - Startup Cache Loading - true
 INFO [2020-10-27 22:33:27,529] - Skipping comparing refreshData and latestRefreshStartDate in CacheServer startup
 INFO [2020-10-27 22:33:27,530] - MemberExtract Cache-Member Extract loaded successfully. Total records: 0
 INFO [2020-10-27 22:33:27,530] - Supplier Cache-all_supplier_details_key loaded successfully. Total records: 0
 INFO [2020-10-27 22:33:27,530] - AdminCachesGroup [MEASURE_MEASURECATEGORYID_MAP] Cache loaded.      Total records: 0
 INFO [2020-10-27 22:33:27,530] - ProviderExtract Cache-Provider Extract loaded successfully. Total records: 0
 INFO [2020-10-27 22:33:27,530] - Rule Cache-elements loaded successfully.   Total records: 0
 INFO [2020-10-27 22:33:27,531] - DrugAttribute Cache loaded successfully.   Total records: 0 [Added: 0, Removed: 0]
 INFO [2020-10-27 22:33:27,530] - AccountPackage Cache-communicationmessages loaded successfully. Total records: 0
 INFO [2020-10-27 22:33:27,530] - Specialty Cache-ALL_SPECIALTY_GROUPS loaded successfully. Number of records: 0
 INFO [2020-10-27 22:33:27,532] - Loading Specialty Cache: GETCAPPROVIDERSPECIALTY
 INFO [2020-10-27 22:33:27,532] - AdminCachesGroup [INLINE_CDM_ETL] Cache loaded.                     Use inline CDM ETL: Y
 INFO [2020-10-27 22:33:27,531] - Rule Cache-getguidtoruleidmap loaded successfully. Total records: 0
 INFO [2020-10-27 22:33:27,532] - Rule Cache-ruleidtoguidmap loaded successfully. Total records: 0
 INFO [2020-10-27 22:33:27,532] - Specialty Cache-GETCAPPROVIDERSPECIALTY loaded successfully. Number of records: 0
 INFO [2020-10-27 22:33:27,532] - AdminCachesGroup [SEQUENCEINCREMENT] Cache loaded.                  Total records: 0
 INFO [2020-10-27 22:33:27,531] - Supplier Cache-supplier_family loaded successfully. Total records: 0
 INFO [2020-10-27 22:33:27,532] - Loading Specialty Cache: ALL_PROVIDERS_SPECIALTY
 INFO [2020-10-27 22:33:27,599] - AdminCachesGroup [RUN_OFFSET_DATE] Cache loaded.                    Run date offset (sec): 0
 INFO [2020-10-27 22:33:27,532] - CacheGroup:AccountPackage,SubGroup:COMMUNICATIONMETHODS,Size:0,QueryTime:0
 INFO [2020-10-27 22:33:27,835] - AccountPackage Cache-communicationmethods loaded successfully. Total records: 0
 INFO [2020-10-27 22:33:27,835] - Specialty Cache-ALL_PROVIDERS_SPECIALTY loaded successfully. Number of records: 0
 INFO [2020-10-27 22:33:27,835] - Loading Specialty Cache: SPECIALTY_CODE_TO_GROUP_MAP
 INFO [2020-10-27 22:33:27,532] - CacheGroup:DrugAttribute,SubGroup:N/A,Size:0,QueryTime:0
 INFO [2020-10-27 22:33:27,835] - CacheGroup:AccountPackage,SubGroup:MESSAGETEXT,Size:0,QueryTime:0
 INFO [2020-10-27 22:33:27,835] - AccountPackage Cache-getmessagetext loaded successfully. Total records: 0
 INFO [2020-10-27 22:33:27,835] - Specialty Cache-SPECIALTY_CODE_TO_GROUP_MAP loaded successfully. Number of records: 0
 INFO [2020-10-27 22:33:27,836] - Loading Custom Provider Specialty Cache: ALL_CUSTOM_PROVIDERS_SPECIALTY
 INFO [2020-10-27 22:33:27,835] - AdminCachesGroup [PROGRAMOUTREACH] Cache loaded.                    Enabled: Y
 INFO [2020-10-27 22:33:27,836] - Drug Cache loaded successfully.            Total records: 0 [Added: 0, Removed: 0]
 INFO [2020-10-27 22:33:27,836] - Utilization Cache loaded successfully.     Total records: 0 [Added: 0, Removed: 0]
 INFO [2020-10-27 22:33:27,835] - Done loading Provider data from DB
 INFO [2020-10-27 22:33:27,834] - Supplier Cache-supplierproductthreshold loaded successfully. Total records: 0
 INFO [2020-10-27 22:33:27,599] - Loading cache: Feedback
 INFO [2020-10-27 22:33:27,837] - Rule Cache-rule_graph_key loaded successfully. Total records: 0
 INFO [2020-10-27 22:33:27,836] - AdminCachesGroup [ENABLE_PARTITION] Cache loaded.                   Enabled: Y
 INFO [2020-10-27 22:33:27,838] - Rule Cache-rule_to_toolbox_key loaded successfully. Total records: 0
 INFO [2020-10-27 22:33:27,838] - CacheGroup:AccountPackage,SubGroup:MEMBER_OPT_OUT_FFCENTER_INC,Size:2,QueryTime:3
 INFO [2020-10-27 22:33:27,838] - Rule Cache-careplan_rule_to_toolbox_key loaded successfully. Total records: 0
 INFO [2020-10-27 22:33:27,836] - CacheGroup:Utilization,SubGroup:N/A,Size:0,QueryTime:4,ProcessingTime:307
 INFO [2020-10-27 22:33:27,836] - Drg Cache loaded successfully.             Total records: 0 [Added: 0, Removed: 0]
 INFO [2020-10-27 22:33:27,838] - CacheGroup:Drg,SubGroup:N/A,Size:0,QueryTime:2,ProcessingTime:308
 INFO [2020-10-27 22:33:27,836] - GCNSequence Cache loaded successfully.     Total records: 0 [Added: 0, Removed: 0]
 INFO [2020-10-27 22:33:27,839] - CacheGroup:GCNSequence,SubGroup:N/A,Size:0,QueryTime:4,ProcessingTime:306
 INFO [2020-10-27 22:33:27,836] - CacheGroup:Drug,SubGroup:N/A,Size:0,QueryTime:2,ProcessingTime:308
 INFO [2020-10-27 22:33:27,836] - Diagnostic Cache loaded successfully.      Total records: 0 [Added: 0, Removed: 0]
 INFO [2020-10-27 22:33:27,839] - CacheGroup:Diagnostic,SubGroup:N/A,Size:0,QueryTime:1,ProcessingTime:308
 INFO [2020-10-27 22:33:27,836] - Lab Cache loaded successfully.             Total records: 0 [Added: 0, Removed: 0]
 INFO [2020-10-27 22:33:27,840] - CacheGroup:Lab,SubGroup:N/A,Size:0,QueryTime:3,ProcessingTime:306
 INFO [2020-10-27 22:33:27,836] - Specialty Cache-ALL_CUSTOM_PROVIDERS_SPECIALTY loaded successfully. Number of records: 0
 INFO [2020-10-27 22:33:27,840] - CacheGroup:ProviderSpeciality,SubGroup:N/A,Size:0,QueryTime:314
 INFO [2020-10-27 22:33:27,836] - Procedure Cache loaded successfully.       Total records: 0 [Added: 0, Removed: 0]
 INFO [2020-10-27 22:33:27,840] - CacheGroup:Procedure,SubGroup:N/A,Size:0,QueryTime:2,ProcessingTime:308
 INFO [2020-10-27 22:33:27,840] - Feedback Cache-getfeedbackoptionmap loaded successfully. Total records: 0
 INFO [2020-10-27 22:33:27,838] - AccountPackage Cache-member_opt_out_fullfillment loaded successfully. Total records: 2
 INFO [2020-10-27 22:33:27,841] - Feedback Cache-getfeedbackreasonmap loaded successfully. Total records: 0
 INFO [2020-10-27 22:33:27,838] - AdminCachesGroup [SAVE_TO_ARCHIVE] Cache loaded.                    Enabled: Y
 INFO [2020-10-27 22:33:27,841] - Feedback Cache-getstatusreasontomhsproperties loaded successfully. Total records: 0
 INFO [2020-10-27 22:33:27,842] - AdminCachesGroup [ENABLE_PERSON_VIEW] Cache loaded.                 Enabled: N
 INFO [2020-10-27 22:33:27,837] - Supplier Cache-getfulfillmentcentermap loaded successfully. Total records: 0
 INFO [2020-10-27 22:33:27,842] - AdminCachesGroup [PERSON_VIEW_MASTER_SUPPLIER] Cache loaded.        Enabled: null
 INFO [2020-10-27 22:33:27,841] - CacheGroup:AccountPackage,SubGroup:MARKER_SUPPLIER_NOTIFCATION,Size:0,QueryTime:0
 INFO [2020-10-27 22:33:27,842] - Supplier Cache-supplier_elig_src_config loaded successfully. Total records: 0
 INFO [2020-10-27 22:33:27,843] - AdminCachesGroup [VBFATVSUPPLIERS] Cache loaded.                    Total records: 0
 INFO [2020-10-27 22:33:27,843] - CacheGroup:AccountPackage,SubGroup:DUP_DATA_FOR_SPECIFIED_ACCOUNT_IDS,Size:0,QueryTime:1
 INFO [2020-10-27 22:33:27,843] - AccountPackage Cache-dup_data_for_specified_account_ids loaded successfully. Total records: 0
 INFO [2020-10-27 22:33:27,843] - AdminCachesGroup [READ_ARCHIVED_JUSTIFICATION_DATA] Cache loaded.   Enabled: Y
 INFO [2020-10-27 22:33:27,843] - CacheGroup:AccountPackage,SubGroup:PIQ_ALERTS_ACCOUNT_IDS,Size:0,QueryTime:0
 INFO [2020-10-27 22:33:27,843] - Rule Cache-derivedfactsmap loaded successfully. Total records: 0
 INFO [2020-10-27 22:33:27,844] - CacheGroup:AccountPackage,SubGroup:PIQ_CDM_ACCOUNT_IDS,Size:0,QueryTime:1
 INFO [2020-10-27 22:33:27,844] - AdminCachesGroup [JUSTIF_PARTITION_LAST_MDF_ID_CUTOFF_VAL] Cache loaded. Enabled: 0
 INFO [2020-10-27 22:33:27,844] - Retrieved Patient Level Alert AccountIDs:
 INFO [2020-10-27 22:33:27,844] - CacheGroup:AccountPackage,SubGroup:PATIENT_LEVEL_ALERTS_ACCOUNT_IDS,Size:0,QueryTime:0
 INFO [2020-10-27 22:33:27,844] - AdminCachesGroup [ACTIVE_ADVICE_SUPPLIERS] Cache loaded.            Total AA Suppliers: 0
 INFO [2020-10-27 22:33:27,844] - Rule Cache-rule_to_derivedfact_key loaded successfully. Total records: 0
 INFO [2020-10-27 22:33:27,845] - Rule Cache-productfinding_to_derivedfact_key loaded successfully. Total records: 0
 INFO [2020-10-27 22:33:27,846] - CacheGroup:AccountPackage,SubGroup:MHSAccountPackage,Size:0,QueryTime:2
 INFO [2020-10-27 22:33:27,846] - AdminCachesGroup [TOC_MARKERS] Cache loaded.                        Total TOC Markers: 0
 INFO [2020-10-27 22:33:27,847] - CacheGroup:AccountPackage,SubGroup:CPAccountPackage,Size:0,QueryTime:0
 INFO [2020-10-27 22:33:27,847] - AccountPackage Cache-account_packages loaded successfully. Total records: 0
 INFO [2020-10-27 22:33:27,847] - AdminCachesGroup [LOCATION_DETAILS] Cache loaded.                   Total Locations : 0
 INFO [2020-10-27 22:33:27,847] - Rule Cache-derivedfactrecommendations loaded successfully. Total records: 0
 INFO [2020-10-27 22:33:27,847] - AdminCachesGroup [ENABLE_UR_REFACTORING] Cache loaded.              Enabled: false
 INFO [2020-10-27 22:33:27,848] - Rule Cache-clinical_toolbox_rules loaded successfully. Total records: 0
 INFO [2020-10-27 22:33:27,848] - RefCEAppConfig contains! Don't load! skipping!!!
 INFO [2020-10-27 22:33:27,848] - Inside getAssociatedCCElements
 INFO [2020-10-27 22:33:27,848] - Feedback Cache-me_refdbkoptions loaded successfully. Total records: 0
 INFO [2020-10-27 22:33:27,848] - AdminCachesGroup [CONFIGURATION_DATA] Cache loaded.                 Total configs : 0
 INFO [2020-10-27 22:33:27,848] - Feedback Cache-mk_refdbkoptions loaded successfully. Total records: 0
 INFO [2020-10-27 22:33:27,848] - CacheGroup:HealthState,SubGroup:FeedbackRefData,Size:2,QueryTime:11
 INFO [2020-10-27 22:33:27,849] - HealthState Cache-Feedback loaded successfully. Total records: 2
 INFO [2020-10-27 22:33:27,849] - AdminCachesGroup [CAREENGINE_WS_USERS] Cache loaded.                Total CE WS Users : 0
 INFO [2020-10-27 22:33:27,849] - Rule Cache-associated_cc_element_map_key loaded successfully. Total records: 0
 INFO [2020-10-27 22:33:27,849] - Inside getAssociatedMEElements
 INFO [2020-10-27 22:33:27,849] - Rule Cache-assocgrpelemapkey loaded successfully. Total records: 0
 INFO [2020-10-27 22:33:27,850] - Rule Cache-rulecommand loaded successfully. Total records: 0
 INFO [2020-10-27 22:33:27,850] - Rule Cache-segmentation_condition loaded successfully. Total records: 0
 INFO [2020-10-27 22:33:27,850] - Provider Cache loaded successfully.        Total records: 0 [Added: 0]
 INFO [2020-10-27 22:33:27,851] - CacheGroup:Provider,SubGroup:N/A,Size:1,QueryTime:309,ProcessingTime:15
 INFO [2020-10-27 22:33:27,853] - CacheGroup:Supplier,SubGroup:N/A,Size:0,QueryTime:316,ProcessingTime:11
 INFO [2020-10-27 22:33:27,853] - Supplier Cache loaded successfully.        Total records: 0
 INFO [2020-10-27 22:33:27,854] - CacheGroup:ProviderExtract,SubGroup:N/A,Size:0,QueryTime:3,ProcessingTime:323
 INFO [2020-10-27 22:33:27,855] - ProviderExtract Cache loaded successfully. Total records: 0
 INFO [2020-10-27 22:33:27,856] - CacheGroup:MemberExtract,SubGroup:N/A,Size:0,QueryTime:3,ProcessingTime:325
 INFO [2020-10-27 22:33:27,856] - CAR_HEM_VALUES Cache loaded successfully.  Total records: 0
 INFO [2020-10-27 22:33:27,856] - MemberExtract Cache loaded successfully.   Total records: 0
 INFO [2020-10-27 22:33:27,857] - Loading cache: Recommendation
 INFO [2020-10-27 22:33:27,857] - CacheGroup:Rule,SubGroup:N/A,Size:0,QueryTime:329
 INFO [2020-10-27 22:33:27,857] - Rule Cache loaded successfully.            Total records: 0
 INFO [2020-10-27 22:33:27,858] - Recommendation Cache-recommendationbyid loaded successfully. Total records: 0
 INFO [2020-10-27 22:33:27,858] - CacheGroup:AccountPackage,SubGroup:Recommendations,Size:0,QueryTime:11
 INFO [2020-10-27 22:33:27,858] - Recommendation Cache-pdccrelationship loaded successfully. Total records: 0
 INFO [2020-10-27 22:33:27,858] - Recommendation Cache-recommendationmapbyrecommendationrelationshippdcc loaded successfully. Total records: 0
 INFO [2020-10-27 22:33:27,858] - Skipping throw exception when getting recommendation maps since this is a AWS POC work, and some tables are not created in AWS DB yet
 INFO [2020-10-27 22:33:27,858] - Recommendation Cache-recommendationbycommunication loaded successfully. Total records: 0
 INFO [2020-10-27 22:33:27,858] - Recommendation Cache-recommendationbyfamily loaded successfully. Total records: 0
 INFO [2020-10-27 22:33:27,859] - Recommendation Cache-recommendationbygroup loaded successfully. Total records: 0
 INFO [2020-10-27 22:33:27,859] - Recommendation Cache-recommendationbyintervention loaded successfully. Total records: 0
 INFO [2020-10-27 22:33:27,859] - Recommendation Cache-recommendationbycondition loaded successfully. Total records: 0
 INFO [2020-10-27 22:33:27,859] - Recommendation Cache-recommendationbyseverity loaded successfully. Total records: 0
 INFO [2020-10-27 22:33:27,859] - CacheGroup:AdminCachesGroup,SubGroup:N/A,Size:10,QueryTime:333
 INFO [2020-10-27 22:33:27,859] - Recommendation Cache-recommendationbypatientderived loaded successfully. Total records: 0
 INFO [2020-10-27 22:33:27,859] - CAR_SUCCESS_EXPRESSIONS Cache loaded successfully. Total records: 0
 INFO [2020-10-27 22:33:27,859] - CacheGroup:HealthState,SubGroup:Recommendations,Size:0,QueryTime:2
 INFO [2020-10-27 22:33:27,860] - Recommendation Cache loaded successfully.  Total records: 0
 INFO [2020-10-27 22:33:27,860] - Loading cache: OpportunityScoreCategory
 INFO [2020-10-27 22:33:27,860] - CacheGroup:AccountPackage,SubGroup:ProductCommunicationSetups,Size:0,QueryTime:2
 INFO [2020-10-27 22:33:27,860] - CAR_SEVERITY_LEVEL_AVG_SUCCESS_RATES Cache loaded successfully. Total records: 0
 INFO [2020-10-27 22:33:27,860] - MemberHealthProfile Cache-opportunityscorecalculator loaded successfully. Total records: 0
 INFO [2020-10-27 22:33:27,860] - CacheGroup:AccountPackage,SubGroup:AccountPackages,Size:0,QueryTime:0
 INFO [2020-10-27 22:33:27,860] - CacheGroup:HealthState,SubGroup:OPPORTUNITYSCORECATEGORIES,Size:0,QueryTime:0
 INFO [2020-10-27 22:33:27,860] - CAR_ACTION_TYPE_DAY_RANGES Cache loaded successfully. Total records: 0
 INFO [2020-10-27 22:33:27,860] - OpportunityScoreCategory Cache loaded successfully. Total records: 0
 INFO [2020-10-27 22:33:27,861] - CARGroup Cache loaded successfully.        Total records: 0
 INFO [2020-10-27 22:33:27,861] - Loading cache: ModelReferenceData
 INFO [2020-10-27 22:33:27,861] - CacheGroup:CARGroup,SubGroup:N/A,Size:0,QueryTime:336
 INFO [2020-10-27 22:33:27,861] - Supplier Cache-all_supplier_details_key loaded successfully. Total records: 0
 INFO [2020-10-27 22:33:27,861] - CacheGroup:AccountPackage,SubGroup:PendingSupplierCommData,Size:0,QueryTime:1
 INFO [2020-10-27 22:33:27,861] - AccountPackage Cache-supplier_recommendations loaded successfully. Total records: 0
 INFO [2020-10-27 22:33:27,861] - CacheGroup:AccountPackage,SubGroup:SUPPLIER_RECOMMENDATIONS,Size:0,QueryTime:17
 INFO [2020-10-27 22:33:27,862] - ModelReferenceData Cache-analytical_model_reference loaded successfully. Total records: 0
 INFO [2020-10-27 22:33:27,862] - CacheGroup:HealthState,SubGroup:ANALYTICAL_MODEL_REFERENCE_DATA,Size:0,QueryTime:1
 INFO [2020-10-27 22:33:27,862] - ModelReferenceData Cache loaded successfully. Total records: 0
 INFO [2020-10-27 22:33:27,862] - Loading cache: PerformanceMeasureRefData
 INFO [2020-10-27 22:33:27,862] - CacheGroup:HealthState,SubGroup:PERFORMANCE_MEASURES_REF_DATA,Size:0,QueryTime:0
 INFO [2020-10-27 22:33:27,862] - HealthState Cache-performance_measure_ref_data loaded successfully. Total records: 0
 INFO [2020-10-27 22:33:27,863] - Loading cache: ClinicalConditionMap
 INFO [2020-10-27 22:33:27,863] - CacheGroup:HealthState,SubGroup:CLINICAL_CONDITIONS_MAP,Size:0,QueryTime:0
 INFO [2020-10-27 22:33:27,863] - HealthState Cache-clinical_condition_map loaded successfully. Total records: 0
 INFO [2020-10-27 22:33:27,863] - Loading cache: MemberHealthProfile
 INFO [2020-10-27 22:33:27,863] - CacheGroup:AccountPackage,SubGroup:N/A,Size:2,QueryTime:337
 INFO [2020-10-27 22:33:27,864] - AccountPackage Cache loaded successfully.  Total records: 2
 INFO [2020-10-27 22:33:27,864] - MemberHealthProfile Cache-markers loaded.                                 Total records: 0
 INFO [2020-10-27 22:33:27,864] - MemberHealthProfile Cache-derivedfact_to_markers loaded.                  Total records: 0
 INFO [2020-10-27 22:33:27,864] - MemberHealthProfile Cache-markerids_to_related_monitoredeventids loaded.  Total records: 0
 INFO [2020-10-27 22:33:27,866] - MemberHealthProfile Cache-events loaded.                                  Total records: 0
 INFO [2020-10-27 22:33:27,866] - MemberHealthProfile Cache-derivedfact_to_events loaded.                   Total records: 0
 INFO [2020-10-27 22:33:27,866] - MemberHealthProfile Cache-monitoredevents_to_ccs loaded.                  Total records: 0
 INFO [2020-10-27 22:33:27,866] - MemberHealthProfile Cache-ccs_to_monitoredevents loaded.                  Total records: 0
 INFO [2020-10-27 22:33:27,867] - MemberHealthProfile Cache-speciality_to_mhs loaded.                       Total records: 0
 INFO [2020-10-27 22:33:27,867] - MemberHealthProfile Cache-me_condition loaded.                            Total records: 0
 INFO [2020-10-27 22:33:27,867] - MemberHealthProfile Cache-me_intervention loaded.                         Total records: 0
 INFO [2020-10-27 22:33:27,867] - MemberHealthProfile Cache-mk_condition loaded.                            Total records: 0
 INFO [2020-10-27 22:33:27,868] - MemberHealthProfile Cache-mk_intervention loaded.                         Total records: 0
 INFO [2020-10-27 22:33:27,868] - MemberHealthProfile Cache-family_to_derivedfact loaded.                   Total records: 0
 INFO [2020-10-27 22:33:27,868] - CacheGroup:HealthState,SubGroup:MemberHealthProfile,Size:0,QueryTime:5
 INFO [2020-10-27 22:33:27,868] - MemberHealthProfile Cache loaded.                                         Total records: 0
 INFO [2020-10-27 22:33:27,868] - Loading cache: Predictive Model Commands
 INFO [2020-10-27 22:33:27,869] - PREDICTIVE MODEL COMMANDS loaded successfully. Total records: 0
 INFO [2020-10-27 22:33:27,869] - CacheGroup:HealthState,SubGroup:PREDICTIVE_MODEL_COMMANDS,Size:0,QueryTime:1
 INFO [2020-10-27 22:33:27,869] - PREDICTIVE MODEL COMMANDS Cache loaded successfully. Total records: 0
 INFO [2020-10-27 22:33:27,869] - Loading cache: PAHIModelReferenceDataDAO
 INFO [2020-10-27 22:33:27,869] - PREDICTIVE MODEL COMMANDS loaded successfully. Total records: 0
 INFO [2020-10-27 22:33:27,869] - CacheGroup:HealthState,SubGroup:AHI_MODEL_REFERENCE_DATA,Size:0,QueryTime:0
 INFO [2020-10-27 22:33:27,870] - PREDICTIVE MODEL COMMANDS Cache loaded successfully. Total records: 0
 INFO [2020-10-27 22:33:27,873] - CacheGroup:HealthState,SubGroup:N/A,Size:2,QueryTime:347
 INFO [2020-10-27 22:33:27,873] - HealthState Cache loaded successfully.     Total records: 2
 INFO [2020-10-27 22:33:27,873] - Cache loading is set to - false
 INFO [2020-10-27 22:33:27,873] - Done Loading Server Cache (StartupTime:410)
 INFO [2020-10-27 22:33:27,874] - CECacheServer UP and listening to port - 12400
 INFO [2020-10-27 22:33:27,883] - 
>>>>> Local Cache Statistics >>>>>
  [Cache Name = Drug,          Size = 0, Hits = 0, Misses = 0, AvgGetTime = 0.0ms]
  [Cache Name = CARGroup,      Size = 4]
  [Cache Name = ProviderExtract, Size = 0, AvgGetTime = 0.0ms]
  [   provider_extract,        Size = 0]
  [Cache Name = DrugAttribute, Size = 0, Hits = 0, Misses = 0, AvgGetTime = 0.0ms]
  [Cache Name = Diagnostic,    Size = 0, Hits = 0, Misses = 0, AvgGetTime = 0.0ms]
  [Cache Name = MemberExtract, Size = 0, AvgGetTime = 0.0ms]
  [   member_extract,          Size = 0]
  [Cache Name = Lab,           Size = 0, Hits = 0, Misses = 0, AvgGetTime = 0.0ms]
  [Cache Name = ProviderSpeciality, Size = 0]
  [Cache Name = Provider,      Size = 0, AvgGetTime = 0.0ms]
  [   provider,                Size = 0]
  [Cache Name = AdminCachesGroup, Size = 9, AvgGetTime = 0.0ms]
  [   adminsuiterefreshdate,   Size = 0]
  [   guvnorrefreshdate,       Size = 0]
  [   inline_cdm_etl,          Size = 1]
  [   sequenceincrement,       Size = 0]
  [   run_offset_date,         Size = 1]
  [   programoutreach,         Size = 1]
  [   vbfatvsuppliers,         Size = 0]
  [   enable_partition,        Size = 1]
  [   save_to_archive,         Size = 1]
  [   measure_measurecategoryid_map, Size = 0]
  [   read_archived_justification_data, Size = 1]
  [   justif_partition_last_mdf_id_cutoff_val, Size = 1]
  [   enable_person_view,      Size = 1]
  [   person_view_master_supplier, Size = 0]
  [   active_advice_suppliers, Size = 0]
  [   toc_markers,             Size = 0]
  [   location_details,        Size = 0]
  [   configuration_data,      Size = 0]
  [   careengine_ws_users,     Size = 0]
  [   enable_ur_refactoring,   Size = 1]
  [Cache Name = AccountPackage, Size = 2, AvgGetTime = 0.0ms]
  [   communicationmessages,   Size = 0]
  [   communicationmethods,    Size = 0]
  [   messagetext,             Size = 0]
  [   accountpackages,         Size = 0]
  [   recommendationscommunications, Size = 0]
  [   recommendationsbyparty,  Size = 0]
  [   product_communication_setups, Size = 0]
  [   supplier_recommendations, Size = 0]
  [   member_opt_out_ffcenter_inc, Size = 2]
  [   marker_supplier_notifcation, Size = 0]
  [   dup_data_for_specified_account_ids, Size = 0]
  [   piq_alerts_account_ids,  Size = 0]
  [   piq_cdm_account_ids,     Size = 0]
  [   patient_level_alerts_account_ids, Size = 0]
  [Cache Name = Utilization,   Size = 0, Hits = 0, Misses = 0, AvgGetTime = 0.0ms]
  [Cache Name = Drg,           Size = 0, Hits = 0, Misses = 0, AvgGetTime = 0.0ms]
  [Cache Name = Procedure,     Size = 0, Hits = 0, Misses = 0, AvgGetTime = 0.0ms]
  [Cache Name = GCNSequence,   Size = 0, Hits = 0, Misses = 0, AvgGetTime = 0.0ms]
  [Cache Name = Supplier,      Size = 0, AvgGetTime = 0.0ms]
  [   all_supplier_details_key, Size = 0]
  [   supplierproductthreshold, Size = 0]
  [   getreffulfillmentcentermap, Size = 0]
  [   supplier_family,         Size = 0]
  [   supplier_elig_ods_src,   Size = 0]
  [Cache Name = Rule,          Size = 0, AvgGetTime = 0.0ms]
  [   elements,                Size = 0]
  [   associated_cc_element_map_key, Size = 0]
  [   assocgrpelemapkey,       Size = 0]
  [   rule_to_derivedfact_key, Size = 0]
  [   rule_to_toolbox_key,     Size = 0]
  [   careplan_rule_to_toolbox_key, Size = 0]
  [   rule_graph_key,          Size = 0]
  [   getguidtoruleidmap,      Size = 0]
  [   ruleidtoguidmap,         Size = 0]
  [   derivedfactsmap,         Size = 0]
  [   derivedfactrecommendations, Size = 0]
  [   clinical_toolbox_rules,  Size = 0]
  [   rulecommand,             Size = 0]
  [   all_classifiers_by_id,   Size = 0]
  [   all_cc_by_id,            Size = 0]
  [   all_hcc_by_id,           Size = 0]
  [   segmentation_condition,  Size = 0]
  [   productfinding_to_derivedfact_key, Size = 0]
  [Cache Name = HealthState,   Size = 0, AvgGetTime = 0.0ms]
  [   recommendationsbyid,     Size = 0]
  [   recommendationsbycommunication, Size = 0]
  [   recommendationsbygroup,  Size = 0]
  [   recommendationsbyfamily, Size = 0]
  [   recommendationsbyintervention, Size = 0]
  [   recommendationsbycondition, Size = 0]
  [   recommendation_by_severity, Size = 0]
  [   recommendation_by_patientderived, Size = 0]
  [   recommendationsbyrecommendationrelationshippdcc, Size = 0]
  [   cc_to_pdcc_map,          Size = 0]
  [   getfeedbackstatusmap,    Size = 0]
  [   getfeedbackstatusreasonmap, Size = 0]
  [   getfeedbackoptionmap,    Size = 0]
  [   getstatusreasontomhsproperties, Size = 0]
  [   getfeedbackmethodmap,    Size = 0]
  [   getfeedbacksuccessmap,   Size = 0]
  [   getfeedbackoutcomemap,   Size = 0]
  [   getfeedbackreasonmap,    Size = 0]
  [   getfeedbacksubreasonmap, Size = 0]
  [   getfeedbacksubsubreasonmap, Size = 0]
  [   markers,                 Size = 0]
  [   markerids_to_related_monitoredeventids, Size = 0]
  [   monitoredevents,         Size = 0]
  [   derivedfact_to_markers,  Size = 0]
  [   derivedfact_to_monitoredevents, Size = 0]
  [   monitoredevents_to_ccs,  Size = 0]
  [   ccs_to_monitoredevents,  Size = 0]
  [   mecondfamily,            Size = 0]
  [   meintvfamily,            Size = 0]
  [   mkcondfamily,            Size = 0]
  [   mkintvfamily,            Size = 0]
  [   gethealthstateproviderspecialtyxref, Size = 0]
  [   user_defined_families,   Size = 0]
  [   opportunityscorecategories, Size = 0]
  [   analytical_model_reference_data, Size = 0]
  [   caredeliverymeasures,    Size = 0]
  [   me_refdbkoptions,        Size = 0]
  [   mk_refdbkoptions,        Size = 0]
  [   performance_measures_ref_data, Size = 0]
  [   clinical_conditions_map, Size = 0]
  [   predictive_model_commands, Size = 0]
  [   ahi_model_reference_data, Size = 0]
<<<<< Local Cache Statistics <<<<<
